09-06 22:35:23 com_github_MitjaNemec_ReplicateLayout.action_replicate_layout 392:Plugin executed on: 'linux'
09-06 22:35:23 com_github_MitjaNemec_ReplicateLayout.action_replicate_layout 393:Plugin executed with python version: '3.11.8 (main, Feb  6 2024, 21:21:21) [GCC 12.3.0]'
09-06 22:35:23 com_github_MitjaNemec_ReplicateLayout.action_replicate_layout 394:KiCad build version: 7.0.11
09-06 22:35:23 com_github_MitjaNemec_ReplicateLayout.action_replicate_layout 395:Plugin version: 2.1.3
09-06 22:35:23 com_github_MitjaNemec_ReplicateLayout.action_replicate_layout 396:Frame repr: <wx._core.Frame object at 0x7f2eb0363760>
09-06 22:35:23 com_github_MitjaNemec_ReplicateLayout.action_replicate_layout 420:Preparing replicator with J5 as a reference
09-06 22:35:23 com_github_MitjaNemec_ReplicateLayout.replicate_layout 117:getting a list of all footprints on board
09-06 22:35:23 com_github_MitjaNemec_ReplicateLayout.action_replicate_layout 468:source anchor footprint is 'J5'
Located on: ['Expansion Subsystem', 'Expansion Port4']
With filenames: ['expansion.kicad_sch', 'expansion-port.kicad_sch']
With sheet_id:['Expansion Subsystem', 'Expansion Port4']
09-06 22:35:23 com_github_MitjaNemec_ReplicateLayout.action_replicate_layout 475:Corresponding footprints are 
[('J5', ['Expansion Subsystem', 'Expansion Port4']), ('J7', ['Expansion Subsystem', 'Expansion Port6']), ('J2', ['Expansion Subsystem', 'Expansion Port1']), ('J6', ['Expansion Subsystem', 'Expansion Port5']), ('J4', ['Expansion Subsystem', 'Expansion Port3']), ('J3', ['Expansion Subsystem', 'Expansion Port2']), ('J1', ['Expansion Subsystem', 'Expansion Port0'])]
09-06 22:35:23 com_github_MitjaNemec_ReplicateLayout.action_replicate_layout 487:Showing dialog
09-06 22:35:23 com_github_MitjaNemec_ReplicateLayout.replicate_layout 424:constructing a list of sheets suitable for replication on level:'Expansion Port4', file:'expansion-port.kicad_sch'
09-06 22:35:23 com_github_MitjaNemec_ReplicateLayout.replicate_layout 461:suitable sheets are:[['Expansion Subsystem', 'Expansion Port0'], ['Expansion Subsystem', 'Expansion Port1'], ['Expansion Subsystem', 'Expansion Port2'], ['Expansion Subsystem', 'Expansion Port3'], ['Expansion Subsystem', 'Expansion Port5'], ['Expansion Subsystem', 'Expansion Port6']]
09-06 22:35:23 com_github_MitjaNemec_ReplicateLayout.replicate_layout 1464:Level selected: ['Expansion Subsystem', 'Expansion Port4']
09-06 22:35:23 com_github_MitjaNemec_ReplicateLayout.replicate_layout 1299:Filtering list of tracks
09-06 22:35:23 com_github_MitjaNemec_ReplicateLayout.action_replicate_layout 493:Toolbar position: wx.Point(1886, 59)
09-06 22:35:23 com_github_MitjaNemec_ReplicateLayout.action_replicate_layout 498:Dialog position: wx.Point(1447, 59)
09-06 22:35:31 com_github_MitjaNemec_ReplicateLayout.replicate_layout 424:constructing a list of sheets suitable for replication on level:'Expansion Port4', file:'expansion-port.kicad_sch'
09-06 22:35:31 com_github_MitjaNemec_ReplicateLayout.replicate_layout 461:suitable sheets are:[['Expansion Subsystem', 'Expansion Port0'], ['Expansion Subsystem', 'Expansion Port1'], ['Expansion Subsystem', 'Expansion Port2'], ['Expansion Subsystem', 'Expansion Port3'], ['Expansion Subsystem', 'Expansion Port5'], ['Expansion Subsystem', 'Expansion Port6']]
09-06 22:35:31 com_github_MitjaNemec_ReplicateLayout.action_replicate_layout 240:Replicating layout
09-06 22:35:31 com_github_MitjaNemec_ReplicateLayout.replicate_layout 240:Starting replication of sheets: [['Expansion Subsystem', 'Expansion Port0'], ['Expansion Subsystem', 'Expansion Port1'], ['Expansion Subsystem', 'Expansion Port2'], ['Expansion Subsystem', 'Expansion Port3'], ['Expansion Subsystem', 'Expansion Port5'], ['Expansion Subsystem', 'Expansion Port6']]
on level: ['Expansion Subsystem', 'Expansion Port4']
with tracks=True, zone=True, text=True, text=True, intersecting=False, remove=False, locked footprints=False, group_only=False
09-06 22:35:31 root 332:updating GUI message: 'Preparing for replication'
09-06 22:35:31 com_github_MitjaNemec_ReplicateLayout.replicate_layout 310:Getting the list of source footprints
09-06 22:35:31 root 337:updating GUI with: 0
09-06 22:35:31 com_github_MitjaNemec_ReplicateLayout.replicate_layout 320:Getting the list of all the remaining footprints
09-06 22:35:31 com_github_MitjaNemec_ReplicateLayout.replicate_layout 327:Getting source tracks
09-06 22:35:31 com_github_MitjaNemec_ReplicateLayout.replicate_layout 1299:Filtering list of tracks
09-06 22:35:31 com_github_MitjaNemec_ReplicateLayout.replicate_layout 331:Getting source zones
09-06 22:35:31 com_github_MitjaNemec_ReplicateLayout.replicate_layout 335:Getting source text items
09-06 22:35:31 com_github_MitjaNemec_ReplicateLayout.replicate_layout 339:Getting source drawing items
09-06 22:35:31 root 332:updating GUI message: 'Replicating footprints'
09-06 22:35:31 com_github_MitjaNemec_ReplicateLayout.replicate_layout 806:Replicating footprints
09-06 22:35:31 com_github_MitjaNemec_ReplicateLayout.replicate_layout 813:Replicating footprints on sheet ['Expansion Subsystem', 'Expansion Port0']
09-06 22:35:31 com_github_MitjaNemec_ReplicateLayout.replicate_layout 813:Replicating footprints on sheet ['Expansion Subsystem', 'Expansion Port1']
09-06 22:35:31 com_github_MitjaNemec_ReplicateLayout.replicate_layout 813:Replicating footprints on sheet ['Expansion Subsystem', 'Expansion Port2']
09-06 22:35:31 com_github_MitjaNemec_ReplicateLayout.replicate_layout 813:Replicating footprints on sheet ['Expansion Subsystem', 'Expansion Port3']
09-06 22:35:31 com_github_MitjaNemec_ReplicateLayout.replicate_layout 813:Replicating footprints on sheet ['Expansion Subsystem', 'Expansion Port5']
09-06 22:35:31 root 337:updating GUI with: 83
09-06 22:35:31 com_github_MitjaNemec_ReplicateLayout.replicate_layout 813:Replicating footprints on sheet ['Expansion Subsystem', 'Expansion Port6']
09-06 22:35:31 root 332:updating GUI message: 'Replicating tracks'
09-06 22:35:31 com_github_MitjaNemec_ReplicateLayout.replicate_layout 977:Replicating tracks
09-06 22:35:31 com_github_MitjaNemec_ReplicateLayout.replicate_layout 983:Replicating tracks on sheet ['Expansion Subsystem', 'Expansion Port0']
09-06 22:35:31 com_github_MitjaNemec_ReplicateLayout.replicate_layout 766:Net pairs for sheet ['Expansion Subsystem', 'Expansion Port0'] :[('+3V3', 'GND'), ('/SPI_{MOSI}', '/SPI_{MOSI}'), ('/Expansion Subsystem/Expansion Port4/GPIO_{0}', '/Expansion Subsystem/Expansion Port0/GPIO_{0}'), ('+5V', '+5V'), ('+3V3', '+3V3'), ('/Expansion Subsystem/USB4_{D-}', '/Expansion Subsystem/USB0_{D-}'), ('/Expansion Subsystem/Expansion Port4/GPIO_{1}', '/Expansion Subsystem/Expansion Port0/GPIO_{1}'), ('/Expansion Subsystem/SPI_{CS9}', '/Expansion Subsystem/SPI_{CS1}'), ('/Expansion Subsystem/USB4_{D+}', '/Expansion Subsystem/USB0_{D+}'), ('/Expansion Subsystem/SPI_{CS8}', '/Expansion Subsystem/SPI_{CS0}'), ('/SPI_{SCK}', '/SPI_{SCK}'), ('/SPI_{MISO}', '/SPI_{MISO}'), ('/Expansion Subsystem/Expansion Port4/GPIO_{2}', '/Expansion Subsystem/Expansion Port0/GPIO_{2}'), ('/Expansion Subsystem/I2C4_{SDA}', '/Expansion Subsystem/I2C0_{SDA}'), ('/Expansion Subsystem/IRQ_{4}', '/Expansion Subsystem/IRQ_{0}'), ('/Expansion Subsystem/I2C4_{SCL}', '/Expansion Subsystem/I2C0_{SCL}'), ('GND', 'GND')]
09-06 22:35:31 com_github_MitjaNemec_ReplicateLayout.replicate_layout 983:Replicating tracks on sheet ['Expansion Subsystem', 'Expansion Port1']
09-06 22:35:31 com_github_MitjaNemec_ReplicateLayout.replicate_layout 766:Net pairs for sheet ['Expansion Subsystem', 'Expansion Port1'] :[('/Expansion Subsystem/Expansion Port4/GPIO_{0}', '/Expansion Subsystem/Expansion Port1/GPIO_{0}'), ('/Expansion Subsystem/SPI_{CS8}', '/Expansion Subsystem/SPI_{CS2}'), ('/Expansion Subsystem/Expansion Port4/GPIO_{1}', '/Expansion Subsystem/Expansion Port1/GPIO_{1}'), ('/SPI_{MOSI}', '/SPI_{MOSI}'), ('+5V', '+5V'), ('+3V3', 'GND'), ('/Expansion Subsystem/IRQ_{4}', '/Expansion Subsystem/IRQ_{1}'), ('+3V3', '+3V3'), ('GND', '+3V3'), ('/Expansion Subsystem/USB4_{D+}', '/Expansion Subsystem/USB1_{D+}'), ('/Expansion Subsystem/USB4_{D-}', '/Expansion Subsystem/USB1_{D-}'), ('/SPI_{SCK}', '/SPI_{SCK}'), ('/SPI_{MISO}', '/SPI_{MISO}'), ('/Expansion Subsystem/I2C4_{SCL}', '/Expansion Subsystem/I2C1_{SCL}'), ('/Expansion Subsystem/SPI_{CS9}', '/Expansion Subsystem/SPI_{CS3}'), ('GND', 'GND'), ('/Expansion Subsystem/I2C4_{SDA}', '/Expansion Subsystem/I2C1_{SDA}'), ('/Expansion Subsystem/Expansion Port4/GPIO_{2}', '/Expansion Subsystem/Expansion Port1/GPIO_{2}')]
09-06 22:35:31 com_github_MitjaNemec_ReplicateLayout.replicate_layout 983:Replicating tracks on sheet ['Expansion Subsystem', 'Expansion Port2']
09-06 22:35:31 com_github_MitjaNemec_ReplicateLayout.replicate_layout 766:Net pairs for sheet ['Expansion Subsystem', 'Expansion Port2'] :[('/SPI_{MOSI}', '/SPI_{MOSI}'), ('/Expansion Subsystem/USB4_{D+}', '/Expansion Subsystem/USB2_{D+}'), ('/Expansion Subsystem/I2C4_{SDA}', '/Expansion Subsystem/I2C2_{SDA}'), ('+5V', '+5V'), ('+3V3', '+3V3'), ('GND', '+3V3'), ('/Expansion Subsystem/IRQ_{4}', '/Expansion Subsystem/IRQ_{2}'), ('/Expansion Subsystem/SPI_{CS9}', '/Expansion Subsystem/SPI_{CS5}'), ('/Expansion Subsystem/SPI_{CS8}', '/Expansion Subsystem/SPI_{CS4}'), ('/Expansion Subsystem/I2C4_{SCL}', '/Expansion Subsystem/I2C2_{SCL}'), ('/SPI_{SCK}', '/SPI_{SCK}'), ('/SPI_{MISO}', '/SPI_{MISO}'), ('/Expansion Subsystem/Expansion Port4/GPIO_{1}', '/Expansion Subsystem/Expansion Port2/GPIO_{1}'), ('/Expansion Subsystem/USB4_{D-}', '/Expansion Subsystem/USB2_{D-}'), ('/Expansion Subsystem/Expansion Port4/GPIO_{0}', '/Expansion Subsystem/Expansion Port2/GPIO_{0}'), ('+3V3', 'GND'), ('GND', 'GND'), ('/Expansion Subsystem/Expansion Port4/GPIO_{2}', '/Expansion Subsystem/Expansion Port2/GPIO_{2}')]
09-06 22:35:31 root 337:updating GUI with: 50
09-06 22:35:31 com_github_MitjaNemec_ReplicateLayout.replicate_layout 983:Replicating tracks on sheet ['Expansion Subsystem', 'Expansion Port3']
09-06 22:35:31 com_github_MitjaNemec_ReplicateLayout.replicate_layout 766:Net pairs for sheet ['Expansion Subsystem', 'Expansion Port3'] :[('+3V3', 'GND'), ('/SPI_{MOSI}', '/SPI_{MOSI}'), ('/Expansion Subsystem/USB4_{D+}', '/Expansion Subsystem/USB3_{D+}'), ('+5V', '+5V'), ('+3V3', '+3V3'), ('/Expansion Subsystem/IRQ_{4}', '/Expansion Subsystem/IRQ_{3}'), ('GND', 'GND'), ('/Expansion Subsystem/SPI_{CS9}', '/Expansion Subsystem/SPI_{CS7}'), ('GND', '+3V3'), ('/Expansion Subsystem/Expansion Port4/GPIO_{0}', '/Expansion Subsystem/Expansion Port3/GPIO_{0}'), ('/SPI_{SCK}', '/SPI_{SCK}'), ('/SPI_{MISO}', '/SPI_{MISO}'), ('/Expansion Subsystem/SPI_{CS8}', '/Expansion Subsystem/SPI_{CS6}'), ('/Expansion Subsystem/I2C4_{SCL}', '/Expansion Subsystem/I2C3_{SCL}'), ('/Expansion Subsystem/Expansion Port4/GPIO_{1}', '/Expansion Subsystem/Expansion Port3/GPIO_{1}'), ('/Expansion Subsystem/Expansion Port4/GPIO_{2}', '/Expansion Subsystem/Expansion Port3/GPIO_{2}'), ('/Expansion Subsystem/USB4_{D-}', '/Expansion Subsystem/USB3_{D-}'), ('/Expansion Subsystem/I2C4_{SDA}', '/Expansion Subsystem/I2C3_{SDA}')]
09-06 22:35:31 com_github_MitjaNemec_ReplicateLayout.replicate_layout 983:Replicating tracks on sheet ['Expansion Subsystem', 'Expansion Port5']
09-06 22:35:31 com_github_MitjaNemec_ReplicateLayout.replicate_layout 766:Net pairs for sheet ['Expansion Subsystem', 'Expansion Port5'] :[('/SPI_{MOSI}', '/SPI_{MOSI}'), ('+5V', '+5V'), ('/Expansion Subsystem/Expansion Port4/GPIO_{1}', '/Expansion Subsystem/Expansion Port5/GPIO_{1}'), ('/Expansion Subsystem/SPI_{CS9}', '/Expansion Subsystem/SPI_{CS11}'), ('/Expansion Subsystem/USB4_{D+}', '/Expansion Subsystem/USB5_{D+}'), ('/Expansion Subsystem/USB4_{D-}', '/Expansion Subsystem/USB5_{D-}'), ('+3V3', '+3V3'), ('/Expansion Subsystem/I2C4_{SCL}', '/Expansion Subsystem/I2C5_{SCL}'), ('/Expansion Subsystem/SPI_{CS8}', '/Expansion Subsystem/SPI_{CS10}'), ('GND', '+3V3'), ('/SPI_{SCK}', '/SPI_{SCK}'), ('/SPI_{MISO}', '/SPI_{MISO}'), ('/Expansion Subsystem/Expansion Port4/GPIO_{0}', '/Expansion Subsystem/Expansion Port5/GPIO_{0}'), ('/Expansion Subsystem/I2C4_{SDA}', '/Expansion Subsystem/I2C5_{SDA}'), ('GND', 'GND'), ('/Expansion Subsystem/IRQ_{4}', '/Expansion Subsystem/IRQ_{5}'), ('/Expansion Subsystem/Expansion Port4/GPIO_{2}', '/Expansion Subsystem/Expansion Port5/GPIO_{2}')]
09-06 22:35:31 com_github_MitjaNemec_ReplicateLayout.replicate_layout 983:Replicating tracks on sheet ['Expansion Subsystem', 'Expansion Port6']
09-06 22:35:31 com_github_MitjaNemec_ReplicateLayout.replicate_layout 766:Net pairs for sheet ['Expansion Subsystem', 'Expansion Port6'] :[('/SPI_{MOSI}', '/SPI_{MOSI}'), ('/Expansion Subsystem/I2C4_{SDA}', '/Expansion Subsystem/I2C6_{SDA}'), ('/Expansion Subsystem/USB4_{D+}', '/Expansion Subsystem/USB6_{D+}'), ('+5V', '+5V'), ('/Expansion Subsystem/Expansion Port4/GPIO_{2}', '/Expansion Subsystem/Expansion Port6/GPIO_{2}'), ('+3V3', '+3V3'), ('/Expansion Subsystem/IRQ_{4}', '/Expansion Subsystem/IRQ_{6}'), ('/Expansion Subsystem/USB4_{D-}', '/Expansion Subsystem/USB6_{D-}'), ('/Expansion Subsystem/I2C4_{SCL}', '/Expansion Subsystem/I2C6_{SCL}'), ('GND', '+3V3'), ('/SPI_{SCK}', '/SPI_{SCK}'), ('/SPI_{MISO}', '/SPI_{MISO}'), ('/Expansion Subsystem/SPI_{CS8}', '/Expansion Subsystem/SPI_{CS12}'), ('/Expansion Subsystem/SPI_{CS9}', '/Expansion Subsystem/SPI_{CS13}'), ('/Expansion Subsystem/Expansion Port4/GPIO_{0}', '/Expansion Subsystem/Expansion Port6/GPIO_{0}'), ('GND', 'GND'), ('/Expansion Subsystem/Expansion Port4/GPIO_{1}', '/Expansion Subsystem/Expansion Port6/GPIO_{1}')]
09-06 22:35:31 root 332:updating GUI message: 'Replicating zones'
09-06 22:35:31 com_github_MitjaNemec_ReplicateLayout.replicate_layout 1047:Replicating zones
09-06 22:35:31 root 337:updating GUI with: 0
09-06 22:35:31 com_github_MitjaNemec_ReplicateLayout.replicate_layout 1054:Replicating zones on sheet ['Expansion Subsystem', 'Expansion Port0']
09-06 22:35:31 com_github_MitjaNemec_ReplicateLayout.replicate_layout 766:Net pairs for sheet ['Expansion Subsystem', 'Expansion Port0'] :[('+3V3', 'GND'), ('/SPI_{MOSI}', '/SPI_{MOSI}'), ('/Expansion Subsystem/Expansion Port4/GPIO_{0}', '/Expansion Subsystem/Expansion Port0/GPIO_{0}'), ('+5V', '+5V'), ('+3V3', '+3V3'), ('/Expansion Subsystem/USB4_{D-}', '/Expansion Subsystem/USB0_{D-}'), ('/Expansion Subsystem/Expansion Port4/GPIO_{1}', '/Expansion Subsystem/Expansion Port0/GPIO_{1}'), ('/Expansion Subsystem/SPI_{CS9}', '/Expansion Subsystem/SPI_{CS1}'), ('/Expansion Subsystem/USB4_{D+}', '/Expansion Subsystem/USB0_{D+}'), ('/Expansion Subsystem/SPI_{CS8}', '/Expansion Subsystem/SPI_{CS0}'), ('/SPI_{SCK}', '/SPI_{SCK}'), ('/SPI_{MISO}', '/SPI_{MISO}'), ('/Expansion Subsystem/Expansion Port4/GPIO_{2}', '/Expansion Subsystem/Expansion Port0/GPIO_{2}'), ('/Expansion Subsystem/I2C4_{SDA}', '/Expansion Subsystem/I2C0_{SDA}'), ('/Expansion Subsystem/IRQ_{4}', '/Expansion Subsystem/IRQ_{0}'), ('/Expansion Subsystem/I2C4_{SCL}', '/Expansion Subsystem/I2C0_{SCL}'), ('GND', 'GND')]
09-06 22:35:31 com_github_MitjaNemec_ReplicateLayout.replicate_layout 1054:Replicating zones on sheet ['Expansion Subsystem', 'Expansion Port1']
09-06 22:35:31 com_github_MitjaNemec_ReplicateLayout.replicate_layout 766:Net pairs for sheet ['Expansion Subsystem', 'Expansion Port1'] :[('/Expansion Subsystem/Expansion Port4/GPIO_{0}', '/Expansion Subsystem/Expansion Port1/GPIO_{0}'), ('/Expansion Subsystem/SPI_{CS8}', '/Expansion Subsystem/SPI_{CS2}'), ('/Expansion Subsystem/Expansion Port4/GPIO_{1}', '/Expansion Subsystem/Expansion Port1/GPIO_{1}'), ('/SPI_{MOSI}', '/SPI_{MOSI}'), ('+5V', '+5V'), ('+3V3', 'GND'), ('/Expansion Subsystem/IRQ_{4}', '/Expansion Subsystem/IRQ_{1}'), ('+3V3', '+3V3'), ('GND', '+3V3'), ('/Expansion Subsystem/USB4_{D+}', '/Expansion Subsystem/USB1_{D+}'), ('/Expansion Subsystem/USB4_{D-}', '/Expansion Subsystem/USB1_{D-}'), ('/SPI_{SCK}', '/SPI_{SCK}'), ('/SPI_{MISO}', '/SPI_{MISO}'), ('/Expansion Subsystem/I2C4_{SCL}', '/Expansion Subsystem/I2C1_{SCL}'), ('/Expansion Subsystem/SPI_{CS9}', '/Expansion Subsystem/SPI_{CS3}'), ('GND', 'GND'), ('/Expansion Subsystem/I2C4_{SDA}', '/Expansion Subsystem/I2C1_{SDA}'), ('/Expansion Subsystem/Expansion Port4/GPIO_{2}', '/Expansion Subsystem/Expansion Port1/GPIO_{2}')]
09-06 22:35:31 com_github_MitjaNemec_ReplicateLayout.replicate_layout 1054:Replicating zones on sheet ['Expansion Subsystem', 'Expansion Port2']
09-06 22:35:31 com_github_MitjaNemec_ReplicateLayout.replicate_layout 766:Net pairs for sheet ['Expansion Subsystem', 'Expansion Port2'] :[('/SPI_{MOSI}', '/SPI_{MOSI}'), ('/Expansion Subsystem/USB4_{D+}', '/Expansion Subsystem/USB2_{D+}'), ('/Expansion Subsystem/I2C4_{SDA}', '/Expansion Subsystem/I2C2_{SDA}'), ('+5V', '+5V'), ('+3V3', '+3V3'), ('GND', '+3V3'), ('/Expansion Subsystem/IRQ_{4}', '/Expansion Subsystem/IRQ_{2}'), ('/Expansion Subsystem/SPI_{CS9}', '/Expansion Subsystem/SPI_{CS5}'), ('/Expansion Subsystem/SPI_{CS8}', '/Expansion Subsystem/SPI_{CS4}'), ('/Expansion Subsystem/I2C4_{SCL}', '/Expansion Subsystem/I2C2_{SCL}'), ('/SPI_{SCK}', '/SPI_{SCK}'), ('/SPI_{MISO}', '/SPI_{MISO}'), ('/Expansion Subsystem/Expansion Port4/GPIO_{1}', '/Expansion Subsystem/Expansion Port2/GPIO_{1}'), ('/Expansion Subsystem/USB4_{D-}', '/Expansion Subsystem/USB2_{D-}'), ('/Expansion Subsystem/Expansion Port4/GPIO_{0}', '/Expansion Subsystem/Expansion Port2/GPIO_{0}'), ('+3V3', 'GND'), ('GND', 'GND'), ('/Expansion Subsystem/Expansion Port4/GPIO_{2}', '/Expansion Subsystem/Expansion Port2/GPIO_{2}')]
09-06 22:35:31 com_github_MitjaNemec_ReplicateLayout.replicate_layout 1054:Replicating zones on sheet ['Expansion Subsystem', 'Expansion Port3']
09-06 22:35:31 com_github_MitjaNemec_ReplicateLayout.replicate_layout 766:Net pairs for sheet ['Expansion Subsystem', 'Expansion Port3'] :[('+3V3', 'GND'), ('/SPI_{MOSI}', '/SPI_{MOSI}'), ('/Expansion Subsystem/USB4_{D+}', '/Expansion Subsystem/USB3_{D+}'), ('+5V', '+5V'), ('+3V3', '+3V3'), ('/Expansion Subsystem/IRQ_{4}', '/Expansion Subsystem/IRQ_{3}'), ('GND', 'GND'), ('/Expansion Subsystem/SPI_{CS9}', '/Expansion Subsystem/SPI_{CS7}'), ('GND', '+3V3'), ('/Expansion Subsystem/Expansion Port4/GPIO_{0}', '/Expansion Subsystem/Expansion Port3/GPIO_{0}'), ('/SPI_{SCK}', '/SPI_{SCK}'), ('/SPI_{MISO}', '/SPI_{MISO}'), ('/Expansion Subsystem/SPI_{CS8}', '/Expansion Subsystem/SPI_{CS6}'), ('/Expansion Subsystem/I2C4_{SCL}', '/Expansion Subsystem/I2C3_{SCL}'), ('/Expansion Subsystem/Expansion Port4/GPIO_{1}', '/Expansion Subsystem/Expansion Port3/GPIO_{1}'), ('/Expansion Subsystem/Expansion Port4/GPIO_{2}', '/Expansion Subsystem/Expansion Port3/GPIO_{2}'), ('/Expansion Subsystem/USB4_{D-}', '/Expansion Subsystem/USB3_{D-}'), ('/Expansion Subsystem/I2C4_{SDA}', '/Expansion Subsystem/I2C3_{SDA}')]
09-06 22:35:31 root 337:updating GUI with: 66
09-06 22:35:31 com_github_MitjaNemec_ReplicateLayout.replicate_layout 1054:Replicating zones on sheet ['Expansion Subsystem', 'Expansion Port5']
09-06 22:35:31 com_github_MitjaNemec_ReplicateLayout.replicate_layout 766:Net pairs for sheet ['Expansion Subsystem', 'Expansion Port5'] :[('/SPI_{MOSI}', '/SPI_{MOSI}'), ('+5V', '+5V'), ('/Expansion Subsystem/Expansion Port4/GPIO_{1}', '/Expansion Subsystem/Expansion Port5/GPIO_{1}'), ('/Expansion Subsystem/SPI_{CS9}', '/Expansion Subsystem/SPI_{CS11}'), ('/Expansion Subsystem/USB4_{D+}', '/Expansion Subsystem/USB5_{D+}'), ('/Expansion Subsystem/USB4_{D-}', '/Expansion Subsystem/USB5_{D-}'), ('+3V3', '+3V3'), ('/Expansion Subsystem/I2C4_{SCL}', '/Expansion Subsystem/I2C5_{SCL}'), ('/Expansion Subsystem/SPI_{CS8}', '/Expansion Subsystem/SPI_{CS10}'), ('GND', '+3V3'), ('/SPI_{SCK}', '/SPI_{SCK}'), ('/SPI_{MISO}', '/SPI_{MISO}'), ('/Expansion Subsystem/Expansion Port4/GPIO_{0}', '/Expansion Subsystem/Expansion Port5/GPIO_{0}'), ('/Expansion Subsystem/I2C4_{SDA}', '/Expansion Subsystem/I2C5_{SDA}'), ('GND', 'GND'), ('/Expansion Subsystem/IRQ_{4}', '/Expansion Subsystem/IRQ_{5}'), ('/Expansion Subsystem/Expansion Port4/GPIO_{2}', '/Expansion Subsystem/Expansion Port5/GPIO_{2}')]
09-06 22:35:31 com_github_MitjaNemec_ReplicateLayout.replicate_layout 1054:Replicating zones on sheet ['Expansion Subsystem', 'Expansion Port6']
09-06 22:35:31 com_github_MitjaNemec_ReplicateLayout.replicate_layout 766:Net pairs for sheet ['Expansion Subsystem', 'Expansion Port6'] :[('/SPI_{MOSI}', '/SPI_{MOSI}'), ('/Expansion Subsystem/I2C4_{SDA}', '/Expansion Subsystem/I2C6_{SDA}'), ('/Expansion Subsystem/USB4_{D+}', '/Expansion Subsystem/USB6_{D+}'), ('+5V', '+5V'), ('/Expansion Subsystem/Expansion Port4/GPIO_{2}', '/Expansion Subsystem/Expansion Port6/GPIO_{2}'), ('+3V3', '+3V3'), ('/Expansion Subsystem/IRQ_{4}', '/Expansion Subsystem/IRQ_{6}'), ('/Expansion Subsystem/USB4_{D-}', '/Expansion Subsystem/USB6_{D-}'), ('/Expansion Subsystem/I2C4_{SCL}', '/Expansion Subsystem/I2C6_{SCL}'), ('GND', '+3V3'), ('/SPI_{SCK}', '/SPI_{SCK}'), ('/SPI_{MISO}', '/SPI_{MISO}'), ('/Expansion Subsystem/SPI_{CS8}', '/Expansion Subsystem/SPI_{CS12}'), ('/Expansion Subsystem/SPI_{CS9}', '/Expansion Subsystem/SPI_{CS13}'), ('/Expansion Subsystem/Expansion Port4/GPIO_{0}', '/Expansion Subsystem/Expansion Port6/GPIO_{0}'), ('GND', 'GND'), ('/Expansion Subsystem/Expansion Port4/GPIO_{1}', '/Expansion Subsystem/Expansion Port6/GPIO_{1}')]
09-06 22:35:31 root 332:updating GUI message: 'Replicating text'
09-06 22:35:31 com_github_MitjaNemec_ReplicateLayout.replicate_layout 1136:Replicating text
09-06 22:35:31 com_github_MitjaNemec_ReplicateLayout.replicate_layout 1143:Replicating text on sheet ['Expansion Subsystem', 'Expansion Port0']
09-06 22:35:31 com_github_MitjaNemec_ReplicateLayout.replicate_layout 1143:Replicating text on sheet ['Expansion Subsystem', 'Expansion Port1']
09-06 22:35:31 com_github_MitjaNemec_ReplicateLayout.replicate_layout 1143:Replicating text on sheet ['Expansion Subsystem', 'Expansion Port2']
09-06 22:35:31 com_github_MitjaNemec_ReplicateLayout.replicate_layout 1143:Replicating text on sheet ['Expansion Subsystem', 'Expansion Port3']
09-06 22:35:31 com_github_MitjaNemec_ReplicateLayout.replicate_layout 1143:Replicating text on sheet ['Expansion Subsystem', 'Expansion Port5']
09-06 22:35:31 com_github_MitjaNemec_ReplicateLayout.replicate_layout 1143:Replicating text on sheet ['Expansion Subsystem', 'Expansion Port6']
09-06 22:35:31 root 332:updating GUI message: 'Replicating drawings'
09-06 22:35:31 com_github_MitjaNemec_ReplicateLayout.replicate_layout 1187:Replicating drawings
09-06 22:35:31 root 337:updating GUI with: 0
09-06 22:35:31 com_github_MitjaNemec_ReplicateLayout.replicate_layout 1193:Replicating drawings on sheet ['Expansion Subsystem', 'Expansion Port0']
09-06 22:35:31 com_github_MitjaNemec_ReplicateLayout.replicate_layout 1193:Replicating drawings on sheet ['Expansion Subsystem', 'Expansion Port1']
09-06 22:35:31 com_github_MitjaNemec_ReplicateLayout.replicate_layout 1193:Replicating drawings on sheet ['Expansion Subsystem', 'Expansion Port2']
09-06 22:35:31 com_github_MitjaNemec_ReplicateLayout.replicate_layout 1193:Replicating drawings on sheet ['Expansion Subsystem', 'Expansion Port3']
09-06 22:35:31 com_github_MitjaNemec_ReplicateLayout.replicate_layout 1193:Replicating drawings on sheet ['Expansion Subsystem', 'Expansion Port5']
09-06 22:35:31 com_github_MitjaNemec_ReplicateLayout.replicate_layout 1193:Replicating drawings on sheet ['Expansion Subsystem', 'Expansion Port6']
09-06 22:35:31 com_github_MitjaNemec_ReplicateLayout.action_replicate_layout 256:Replication complete
