01-26 22:37:53 com_github_MitjaNemec_ReplicateLayout.action_replicate_layout 392:Plugin executed on: 'linux'
01-26 22:37:53 com_github_MitjaNemec_ReplicateLayout.action_replicate_layout 393:Plugin executed with python version: '3.13.1 (main, Dec  4 2024, 18:05:56) [GCC 14.2.1 20240910]'
01-26 22:37:53 com_github_MitjaNemec_ReplicateLayout.action_replicate_layout 394:KiCad build version: 8.0.7
01-26 22:37:53 com_github_MitjaNemec_ReplicateLayout.action_replicate_layout 395:Plugin version: 3.0.3
01-26 22:37:53 com_github_MitjaNemec_ReplicateLayout.action_replicate_layout 396:Frame repr: <wx._core.Frame object at 0x7165863ee060>
01-26 22:37:53 com_github_MitjaNemec_ReplicateLayout.action_replicate_layout 420:Preparing replicator with J701 as a reference
01-26 22:37:53 com_github_MitjaNemec_ReplicateLayout.replicate_layout 117:getting a list of all footprints on board
01-26 22:37:53 com_github_MitjaNemec_ReplicateLayout.action_replicate_layout 468:source anchor footprint is 'J701'
Located on: ['Module Slot 6']
With filenames: ['module_slot.kicad_sch']
With sheet_id:['Module Slot 6']
01-26 22:37:53 com_github_MitjaNemec_ReplicateLayout.action_replicate_layout 475:Corresponding footprints are 
[('J801', ['Module Slot 7']), ('J701', ['Module Slot 6']), ('J601', ['Module Slot 5']), ('J501', ['Module Slot 4']), ('J401', ['Module Slot 3']), ('J301', ['Module Slot 2']), ('J201', ['Module Slot 1'])]
01-26 22:37:53 com_github_MitjaNemec_ReplicateLayout.action_replicate_layout 487:Showing dialog
01-26 22:37:53 com_github_MitjaNemec_ReplicateLayout.replicate_layout 472:constructing a list of sheets suitable for replication on level:'Module Slot 6', file:'module_slot.kicad_sch'
01-26 22:37:53 com_github_MitjaNemec_ReplicateLayout.replicate_layout 509:suitable sheets are:[['Module Slot 1'], ['Module Slot 2'], ['Module Slot 3'], ['Module Slot 4'], ['Module Slot 5'], ['Module Slot 7']]
01-26 22:37:53 com_github_MitjaNemec_ReplicateLayout.replicate_layout 1507:Level selected: ['Module Slot 6']
01-26 22:37:53 com_github_MitjaNemec_ReplicateLayout.replicate_layout 1331:Filtering list of tracks
01-26 22:37:53 com_github_MitjaNemec_ReplicateLayout.action_replicate_layout 493:Toolbar position: wx.Point(2014, 61)
01-26 22:37:53 com_github_MitjaNemec_ReplicateLayout.action_replicate_layout 498:Dialog position: wx.Point(1575, 61)
01-26 22:37:59 com_github_MitjaNemec_ReplicateLayout.replicate_layout 472:constructing a list of sheets suitable for replication on level:'Module Slot 6', file:'module_slot.kicad_sch'
01-26 22:37:59 com_github_MitjaNemec_ReplicateLayout.replicate_layout 509:suitable sheets are:[['Module Slot 1'], ['Module Slot 2'], ['Module Slot 3'], ['Module Slot 4'], ['Module Slot 5'], ['Module Slot 7']]
01-26 22:37:59 com_github_MitjaNemec_ReplicateLayout.replicate_layout 1507:Level selected: ['Module Slot 6']
01-26 22:37:59 com_github_MitjaNemec_ReplicateLayout.replicate_layout 1331:Filtering list of tracks
01-26 22:38:05 com_github_MitjaNemec_ReplicateLayout.replicate_layout 472:constructing a list of sheets suitable for replication on level:'Module Slot 6', file:'module_slot.kicad_sch'
01-26 22:38:05 com_github_MitjaNemec_ReplicateLayout.replicate_layout 509:suitable sheets are:[['Module Slot 1'], ['Module Slot 2'], ['Module Slot 3'], ['Module Slot 4'], ['Module Slot 5'], ['Module Slot 7']]
01-26 22:38:05 com_github_MitjaNemec_ReplicateLayout.action_replicate_layout 240:Replicating layout
01-26 22:38:05 com_github_MitjaNemec_ReplicateLayout.replicate_layout 288:Starting replication of sheets: [['Module Slot 1'], ['Module Slot 2'], ['Module Slot 3'], ['Module Slot 4'], ['Module Slot 5'], ['Module Slot 7']]
on level: ['Module Slot 6']
with tracks=True, zone=False, text=True, text=True, intersecting=False, remove=False, locked footprints=False, group_only=False
01-26 22:38:05 root 332:updating GUI message: 'Preparing for replication'
01-26 22:38:05 root 337:updating GUI with: 0
01-26 22:38:05 com_github_MitjaNemec_ReplicateLayout.replicate_layout 358:Getting the list of source footprints
01-26 22:38:05 root 337:updating GUI with: 0
01-26 22:38:05 com_github_MitjaNemec_ReplicateLayout.replicate_layout 368:Getting the list of all the remaining footprints
01-26 22:38:05 com_github_MitjaNemec_ReplicateLayout.replicate_layout 375:Getting source tracks
01-26 22:38:05 com_github_MitjaNemec_ReplicateLayout.replicate_layout 1331:Filtering list of tracks
01-26 22:38:05 com_github_MitjaNemec_ReplicateLayout.replicate_layout 379:Getting source zones
01-26 22:38:05 com_github_MitjaNemec_ReplicateLayout.replicate_layout 383:Getting source text items
01-26 22:38:05 com_github_MitjaNemec_ReplicateLayout.replicate_layout 387:Getting source drawing items
01-26 22:38:05 root 332:updating GUI message: 'Replicating footprints'
01-26 22:38:05 com_github_MitjaNemec_ReplicateLayout.replicate_layout 861:Replicating footprints
01-26 22:38:05 root 337:updating GUI with: 0
01-26 22:38:05 com_github_MitjaNemec_ReplicateLayout.replicate_layout 868:Replicating footprints on sheet ['Module Slot 1']
01-26 22:38:05 com_github_MitjaNemec_ReplicateLayout.replicate_layout 985:Src text UUid:50dd9a6c-94d9-41ce-874c-a340922be547
01-26 22:38:05 com_github_MitjaNemec_ReplicateLayout.replicate_layout 986:Dst text UUid:a65d04f2-4235-4fbd-9d32-073c4ae48a6a
01-26 22:38:05 com_github_MitjaNemec_ReplicateLayout.replicate_layout 985:Src text UUid:db36bde6-00a2-438e-9a19-03ae2bb44ef1
01-26 22:38:05 com_github_MitjaNemec_ReplicateLayout.replicate_layout 986:Dst text UUid:e33d0524-bc3c-4477-98a9-58a043df4151
01-26 22:38:05 com_github_MitjaNemec_ReplicateLayout.replicate_layout 985:Src text UUid:0d673ad2-443c-44ae-8b06-9c752c292480
01-26 22:38:05 com_github_MitjaNemec_ReplicateLayout.replicate_layout 986:Dst text UUid:bef98835-b7f1-46d2-854b-345da6c0749d
01-26 22:38:05 com_github_MitjaNemec_ReplicateLayout.replicate_layout 985:Src text UUid:27370166-0051-4e43-bdfd-89f05e374216
01-26 22:38:05 com_github_MitjaNemec_ReplicateLayout.replicate_layout 986:Dst text UUid:cdf69903-08f1-4808-90d2-84ce6650d790
01-26 22:38:05 com_github_MitjaNemec_ReplicateLayout.replicate_layout 985:Src text UUid:8c6fba33-9fa1-444d-bc05-ad02b7768667
01-26 22:38:05 com_github_MitjaNemec_ReplicateLayout.replicate_layout 986:Dst text UUid:3c0cbfc1-1407-48a4-bd0c-608f6cc78a9e
01-26 22:38:05 com_github_MitjaNemec_ReplicateLayout.replicate_layout 985:Src text UUid:d16f9110-f762-4205-81c9-f0a8c0ab151a
01-26 22:38:05 com_github_MitjaNemec_ReplicateLayout.replicate_layout 986:Dst text UUid:bdaefb70-0177-4221-8a4a-85a52367b254
01-26 22:38:05 com_github_MitjaNemec_ReplicateLayout.replicate_layout 985:Src text UUid:c2e073c8-bb83-406b-a6ea-4fd1b43fdb58
01-26 22:38:05 com_github_MitjaNemec_ReplicateLayout.replicate_layout 986:Dst text UUid:49a4e5f4-6c22-4ee2-b7c9-b7408416e38e
01-26 22:38:05 com_github_MitjaNemec_ReplicateLayout.replicate_layout 985:Src text UUid:5097f15e-d49c-4356-8710-d4b7fc8e4f43
01-26 22:38:05 com_github_MitjaNemec_ReplicateLayout.replicate_layout 986:Dst text UUid:63d2370f-972c-482a-9772-411a4be391ee
01-26 22:38:05 com_github_MitjaNemec_ReplicateLayout.replicate_layout 985:Src text UUid:5b27c8d3-bc42-4401-ba55-48724b86a6d1
01-26 22:38:05 com_github_MitjaNemec_ReplicateLayout.replicate_layout 986:Dst text UUid:ed0f259a-fffc-4d1d-a3f3-38c90f69f14e
01-26 22:38:05 com_github_MitjaNemec_ReplicateLayout.replicate_layout 985:Src text UUid:72488d64-23d3-447c-9f93-1b3428b97868
01-26 22:38:05 com_github_MitjaNemec_ReplicateLayout.replicate_layout 986:Dst text UUid:d96913e2-8ec7-4126-a145-67c9bd6713b2
01-26 22:38:05 com_github_MitjaNemec_ReplicateLayout.replicate_layout 985:Src text UUid:d0424ff3-bdc5-4cd6-9ed3-30af12984856
01-26 22:38:05 com_github_MitjaNemec_ReplicateLayout.replicate_layout 986:Dst text UUid:c66548e3-eeb6-4d9f-9f96-f7c4884cda90
01-26 22:38:05 com_github_MitjaNemec_ReplicateLayout.replicate_layout 985:Src text UUid:3a3716b8-a658-4cd7-bd5f-a1f2d5f7cfe7
01-26 22:38:05 com_github_MitjaNemec_ReplicateLayout.replicate_layout 986:Dst text UUid:786c9b31-d318-489e-9463-2b282a38e03b
01-26 22:38:05 com_github_MitjaNemec_ReplicateLayout.replicate_layout 985:Src text UUid:0e2a4e1d-6ffa-4191-ae37-9c7882e06664
01-26 22:38:05 com_github_MitjaNemec_ReplicateLayout.replicate_layout 986:Dst text UUid:8dbc6c01-7ce3-4b8e-b123-deb4e4b984a1
01-26 22:38:05 com_github_MitjaNemec_ReplicateLayout.replicate_layout 985:Src text UUid:18f4e463-fd32-4e98-bc16-dd7b3cfa399e
01-26 22:38:05 com_github_MitjaNemec_ReplicateLayout.replicate_layout 986:Dst text UUid:ae01db2d-e3c9-4ec2-96ec-90c5c63eafb2
01-26 22:38:05 com_github_MitjaNemec_ReplicateLayout.replicate_layout 985:Src text UUid:904e2bbd-501f-449c-8097-9b37188c9ceb
01-26 22:38:05 com_github_MitjaNemec_ReplicateLayout.replicate_layout 986:Dst text UUid:74c8b645-47a6-46f6-9d62-ab425c13eb09
01-26 22:38:05 com_github_MitjaNemec_ReplicateLayout.replicate_layout 985:Src text UUid:53328326-6ed7-4b19-852a-4da1876db986
01-26 22:38:05 com_github_MitjaNemec_ReplicateLayout.replicate_layout 986:Dst text UUid:ef9e0fe4-7bdd-4544-b333-a2de3b8d4166
01-26 22:38:05 com_github_MitjaNemec_ReplicateLayout.replicate_layout 985:Src text UUid:a8dd205f-a5f6-4b27-b7c4-3bea7ccd31cb
01-26 22:38:05 com_github_MitjaNemec_ReplicateLayout.replicate_layout 986:Dst text UUid:7c38275f-11f8-41d5-83db-4af26bf89d6e
01-26 22:38:05 com_github_MitjaNemec_ReplicateLayout.replicate_layout 985:Src text UUid:932263f1-b250-4980-bad7-ef742f9d28e0
01-26 22:38:05 com_github_MitjaNemec_ReplicateLayout.replicate_layout 986:Dst text UUid:00568e17-5612-4cb1-8a10-6caa88558ec4
01-26 22:38:05 com_github_MitjaNemec_ReplicateLayout.replicate_layout 985:Src text UUid:847436c6-62c5-405a-8b5c-2d052f820e59
01-26 22:38:05 com_github_MitjaNemec_ReplicateLayout.replicate_layout 986:Dst text UUid:2ff9f6f2-e8cf-4cbe-b835-1e3828322bc5
01-26 22:38:05 com_github_MitjaNemec_ReplicateLayout.replicate_layout 985:Src text UUid:24730bdd-e29a-46b2-8c74-bce66f6d89ec
01-26 22:38:05 com_github_MitjaNemec_ReplicateLayout.replicate_layout 986:Dst text UUid:98247c4a-7eb3-4ef8-9c0d-ffdf290205db
01-26 22:38:05 com_github_MitjaNemec_ReplicateLayout.replicate_layout 985:Src text UUid:3a6d8c27-aa1e-4f94-ae2e-bca00baa2e3c
01-26 22:38:05 com_github_MitjaNemec_ReplicateLayout.replicate_layout 986:Dst text UUid:5e5a38d0-6664-48e0-8eed-eb4f21bd1166
01-26 22:38:05 com_github_MitjaNemec_ReplicateLayout.replicate_layout 985:Src text UUid:4e6309c4-cdab-4b23-a609-bc0e1e35b283
01-26 22:38:05 com_github_MitjaNemec_ReplicateLayout.replicate_layout 986:Dst text UUid:7fd48069-f7d8-4f3d-b308-00b0f9d2688e
01-26 22:38:05 com_github_MitjaNemec_ReplicateLayout.replicate_layout 985:Src text UUid:e997392b-31a7-4274-89fc-3dd01c251a4b
01-26 22:38:05 com_github_MitjaNemec_ReplicateLayout.replicate_layout 986:Dst text UUid:acde1286-b250-49c9-a135-1a4cc5daab02
01-26 22:38:05 com_github_MitjaNemec_ReplicateLayout.replicate_layout 985:Src text UUid:08242784-f706-4b50-92a4-365df3721333
01-26 22:38:05 com_github_MitjaNemec_ReplicateLayout.replicate_layout 986:Dst text UUid:a926bc8e-2aea-4839-b1bc-2f9e222551f5
01-26 22:38:05 com_github_MitjaNemec_ReplicateLayout.replicate_layout 985:Src text UUid:b5dcd0a7-d98f-4771-a061-f75bf8eff043
01-26 22:38:05 com_github_MitjaNemec_ReplicateLayout.replicate_layout 986:Dst text UUid:ec80d5af-0365-400c-8aae-da3c9fda77ef
01-26 22:38:05 com_github_MitjaNemec_ReplicateLayout.replicate_layout 985:Src text UUid:99ec516a-6d0b-4161-ae5e-4bbd8a445a07
01-26 22:38:05 com_github_MitjaNemec_ReplicateLayout.replicate_layout 986:Dst text UUid:3632d9b4-241d-413c-8b0a-a96b3b99b07d
01-26 22:38:05 com_github_MitjaNemec_ReplicateLayout.replicate_layout 985:Src text UUid:ebe1202d-9ab2-4e56-b93c-c5f3c1baf905
01-26 22:38:05 com_github_MitjaNemec_ReplicateLayout.replicate_layout 986:Dst text UUid:395ec311-6517-48bd-bff4-2a1e21b6fdd3
01-26 22:38:05 com_github_MitjaNemec_ReplicateLayout.replicate_layout 985:Src text UUid:55ea679b-41ff-4bf1-a8e6-d9b2d81761e4
01-26 22:38:05 com_github_MitjaNemec_ReplicateLayout.replicate_layout 986:Dst text UUid:e6635348-2d57-4be7-b1ac-4b1bf061c77e
01-26 22:38:05 com_github_MitjaNemec_ReplicateLayout.replicate_layout 985:Src text UUid:6b7e8be1-b70c-4565-b4bd-5f456dd721b6
01-26 22:38:05 com_github_MitjaNemec_ReplicateLayout.replicate_layout 986:Dst text UUid:79d9ed4d-c84b-41ba-a19f-005233431e7c
01-26 22:38:05 com_github_MitjaNemec_ReplicateLayout.replicate_layout 985:Src text UUid:44f88b4d-7c59-47ee-8475-f0ffb79558b0
01-26 22:38:05 com_github_MitjaNemec_ReplicateLayout.replicate_layout 986:Dst text UUid:c452180c-ebca-4f26-8ba3-3f68cdf8012d
01-26 22:38:05 com_github_MitjaNemec_ReplicateLayout.replicate_layout 985:Src text UUid:84725189-c695-4f17-abdb-ae7b038a3276
01-26 22:38:05 com_github_MitjaNemec_ReplicateLayout.replicate_layout 986:Dst text UUid:47fa3e2b-4f4a-4651-8e81-0c8faf69cf67
01-26 22:38:05 com_github_MitjaNemec_ReplicateLayout.replicate_layout 985:Src text UUid:b3a46800-41f0-42ee-a1e3-cfacff4a259a
01-26 22:38:05 com_github_MitjaNemec_ReplicateLayout.replicate_layout 986:Dst text UUid:c87b03a9-0e8a-4453-be11-e84eb010f1b2
01-26 22:38:05 com_github_MitjaNemec_ReplicateLayout.replicate_layout 985:Src text UUid:1dc6d421-fe27-41ee-8ef6-f9e18c080c38
01-26 22:38:05 com_github_MitjaNemec_ReplicateLayout.replicate_layout 986:Dst text UUid:5597386d-c913-4032-8cf8-8d66baf2beac
01-26 22:38:05 com_github_MitjaNemec_ReplicateLayout.replicate_layout 985:Src text UUid:3bb33988-b2d3-4607-90b5-59b228541247
01-26 22:38:05 com_github_MitjaNemec_ReplicateLayout.replicate_layout 986:Dst text UUid:52e83c75-ec47-45d4-a54e-dabca4f80669
01-26 22:38:05 com_github_MitjaNemec_ReplicateLayout.replicate_layout 985:Src text UUid:645295b1-c8f1-450b-af96-686a8268a037
01-26 22:38:05 com_github_MitjaNemec_ReplicateLayout.replicate_layout 986:Dst text UUid:1db9906c-58cd-4883-bf5e-8d3dc5d51e97
01-26 22:38:05 com_github_MitjaNemec_ReplicateLayout.replicate_layout 985:Src text UUid:a6b8ca92-2059-4465-912b-59be22a90bf8
01-26 22:38:05 com_github_MitjaNemec_ReplicateLayout.replicate_layout 986:Dst text UUid:effc146f-3b1a-4350-ac9a-eaa244bfb324
01-26 22:38:05 com_github_MitjaNemec_ReplicateLayout.replicate_layout 985:Src text UUid:5843733c-021b-4e80-8638-7487436c1c7c
01-26 22:38:05 com_github_MitjaNemec_ReplicateLayout.replicate_layout 986:Dst text UUid:8171aeb4-4c77-43d8-91cf-c2a8e034bfb8
01-26 22:38:05 com_github_MitjaNemec_ReplicateLayout.replicate_layout 985:Src text UUid:b3a3ab52-989f-4af0-9e3f-6a291bb92cfd
01-26 22:38:05 com_github_MitjaNemec_ReplicateLayout.replicate_layout 986:Dst text UUid:41996209-2b05-4fba-949e-caedbde4b069
01-26 22:38:05 com_github_MitjaNemec_ReplicateLayout.replicate_layout 985:Src text UUid:379537eb-3159-4665-95db-5c8b8029fa53
01-26 22:38:05 com_github_MitjaNemec_ReplicateLayout.replicate_layout 986:Dst text UUid:9af46fce-1a10-47a3-a27f-e94cc4c31d7f
01-26 22:38:05 com_github_MitjaNemec_ReplicateLayout.replicate_layout 985:Src text UUid:10c7a388-05bb-4010-ac7e-6e25fcb2eb6e
01-26 22:38:05 com_github_MitjaNemec_ReplicateLayout.replicate_layout 986:Dst text UUid:6e52fd05-01ce-4b1a-830c-195f3e36f092
01-26 22:38:05 com_github_MitjaNemec_ReplicateLayout.replicate_layout 985:Src text UUid:c2cc7dc5-365d-45df-8284-c4006d842189
01-26 22:38:05 com_github_MitjaNemec_ReplicateLayout.replicate_layout 986:Dst text UUid:4c6da436-f8c1-47a9-b580-c7f677aff8aa
01-26 22:38:05 com_github_MitjaNemec_ReplicateLayout.replicate_layout 868:Replicating footprints on sheet ['Module Slot 2']
01-26 22:38:05 com_github_MitjaNemec_ReplicateLayout.replicate_layout 985:Src text UUid:50dd9a6c-94d9-41ce-874c-a340922be547
01-26 22:38:05 com_github_MitjaNemec_ReplicateLayout.replicate_layout 986:Dst text UUid:47f3caf7-d404-45ac-9451-47d0b61a0bbb
01-26 22:38:05 com_github_MitjaNemec_ReplicateLayout.replicate_layout 985:Src text UUid:db36bde6-00a2-438e-9a19-03ae2bb44ef1
01-26 22:38:05 com_github_MitjaNemec_ReplicateLayout.replicate_layout 986:Dst text UUid:e17cae8a-f2ff-4d95-9090-980229af9762
01-26 22:38:05 com_github_MitjaNemec_ReplicateLayout.replicate_layout 985:Src text UUid:0d673ad2-443c-44ae-8b06-9c752c292480
01-26 22:38:05 com_github_MitjaNemec_ReplicateLayout.replicate_layout 986:Dst text UUid:6fa52604-5b98-4a97-baf2-5c9d4f2683bb
01-26 22:38:05 com_github_MitjaNemec_ReplicateLayout.replicate_layout 985:Src text UUid:27370166-0051-4e43-bdfd-89f05e374216
01-26 22:38:05 com_github_MitjaNemec_ReplicateLayout.replicate_layout 986:Dst text UUid:2187a536-393e-4122-8a8e-8f06f1b00614
01-26 22:38:05 com_github_MitjaNemec_ReplicateLayout.replicate_layout 985:Src text UUid:8c6fba33-9fa1-444d-bc05-ad02b7768667
01-26 22:38:05 com_github_MitjaNemec_ReplicateLayout.replicate_layout 986:Dst text UUid:57cd8067-0ca8-4fc1-8908-667b9b2a5c25
01-26 22:38:05 com_github_MitjaNemec_ReplicateLayout.replicate_layout 985:Src text UUid:d16f9110-f762-4205-81c9-f0a8c0ab151a
01-26 22:38:05 com_github_MitjaNemec_ReplicateLayout.replicate_layout 986:Dst text UUid:cab6c072-eb02-4ef7-bff6-e09d174c1349
01-26 22:38:05 com_github_MitjaNemec_ReplicateLayout.replicate_layout 985:Src text UUid:c2e073c8-bb83-406b-a6ea-4fd1b43fdb58
01-26 22:38:05 com_github_MitjaNemec_ReplicateLayout.replicate_layout 986:Dst text UUid:47e45b84-daa1-4a76-b74f-a77b140a5071
01-26 22:38:05 com_github_MitjaNemec_ReplicateLayout.replicate_layout 985:Src text UUid:5097f15e-d49c-4356-8710-d4b7fc8e4f43
01-26 22:38:05 com_github_MitjaNemec_ReplicateLayout.replicate_layout 986:Dst text UUid:085203a0-1ff8-4603-8301-a4d78c41ab82
01-26 22:38:05 com_github_MitjaNemec_ReplicateLayout.replicate_layout 985:Src text UUid:5b27c8d3-bc42-4401-ba55-48724b86a6d1
01-26 22:38:05 com_github_MitjaNemec_ReplicateLayout.replicate_layout 986:Dst text UUid:8eaf1779-78d0-41b8-a067-3bf1d46a5a16
01-26 22:38:05 com_github_MitjaNemec_ReplicateLayout.replicate_layout 985:Src text UUid:72488d64-23d3-447c-9f93-1b3428b97868
01-26 22:38:05 com_github_MitjaNemec_ReplicateLayout.replicate_layout 986:Dst text UUid:e675199d-af10-43a4-ad33-317ef079f539
01-26 22:38:05 com_github_MitjaNemec_ReplicateLayout.replicate_layout 985:Src text UUid:d0424ff3-bdc5-4cd6-9ed3-30af12984856
01-26 22:38:05 com_github_MitjaNemec_ReplicateLayout.replicate_layout 986:Dst text UUid:51ac8413-a050-457c-a325-cf96ef6eab10
01-26 22:38:05 com_github_MitjaNemec_ReplicateLayout.replicate_layout 985:Src text UUid:3a3716b8-a658-4cd7-bd5f-a1f2d5f7cfe7
01-26 22:38:05 com_github_MitjaNemec_ReplicateLayout.replicate_layout 986:Dst text UUid:7d9c9671-a9e4-40c5-89e3-fa22f8a33d19
01-26 22:38:05 com_github_MitjaNemec_ReplicateLayout.replicate_layout 985:Src text UUid:0e2a4e1d-6ffa-4191-ae37-9c7882e06664
01-26 22:38:05 com_github_MitjaNemec_ReplicateLayout.replicate_layout 986:Dst text UUid:9adf2fc3-bed7-4fb6-8329-4d9b7d2824e1
01-26 22:38:05 com_github_MitjaNemec_ReplicateLayout.replicate_layout 985:Src text UUid:18f4e463-fd32-4e98-bc16-dd7b3cfa399e
01-26 22:38:05 com_github_MitjaNemec_ReplicateLayout.replicate_layout 986:Dst text UUid:e694a2e6-0a3c-460a-a15c-75d469a30baf
01-26 22:38:05 com_github_MitjaNemec_ReplicateLayout.replicate_layout 985:Src text UUid:904e2bbd-501f-449c-8097-9b37188c9ceb
01-26 22:38:05 com_github_MitjaNemec_ReplicateLayout.replicate_layout 986:Dst text UUid:9e328bc4-edf1-4b54-8be4-d256efd6746f
01-26 22:38:05 com_github_MitjaNemec_ReplicateLayout.replicate_layout 985:Src text UUid:53328326-6ed7-4b19-852a-4da1876db986
01-26 22:38:05 com_github_MitjaNemec_ReplicateLayout.replicate_layout 986:Dst text UUid:193175ef-7436-4e69-bce6-f7d25b3209b3
01-26 22:38:05 com_github_MitjaNemec_ReplicateLayout.replicate_layout 985:Src text UUid:a8dd205f-a5f6-4b27-b7c4-3bea7ccd31cb
01-26 22:38:05 com_github_MitjaNemec_ReplicateLayout.replicate_layout 986:Dst text UUid:96a4bffc-9ca5-4617-93b1-bf893033ec5f
01-26 22:38:05 com_github_MitjaNemec_ReplicateLayout.replicate_layout 985:Src text UUid:932263f1-b250-4980-bad7-ef742f9d28e0
01-26 22:38:05 com_github_MitjaNemec_ReplicateLayout.replicate_layout 986:Dst text UUid:8a68ed25-6038-4047-b4d0-acf2b9f4d273
01-26 22:38:05 com_github_MitjaNemec_ReplicateLayout.replicate_layout 985:Src text UUid:847436c6-62c5-405a-8b5c-2d052f820e59
01-26 22:38:05 com_github_MitjaNemec_ReplicateLayout.replicate_layout 986:Dst text UUid:a2cdc9b8-a104-4102-8b85-1ef7afa1abf9
01-26 22:38:05 com_github_MitjaNemec_ReplicateLayout.replicate_layout 985:Src text UUid:24730bdd-e29a-46b2-8c74-bce66f6d89ec
01-26 22:38:05 com_github_MitjaNemec_ReplicateLayout.replicate_layout 986:Dst text UUid:018011fa-cfe9-4ad2-9889-bd25abbc3d9d
01-26 22:38:05 com_github_MitjaNemec_ReplicateLayout.replicate_layout 985:Src text UUid:3a6d8c27-aa1e-4f94-ae2e-bca00baa2e3c
01-26 22:38:05 com_github_MitjaNemec_ReplicateLayout.replicate_layout 986:Dst text UUid:344a26aa-97dd-46f1-bbb5-11fdf49814b1
01-26 22:38:05 com_github_MitjaNemec_ReplicateLayout.replicate_layout 985:Src text UUid:4e6309c4-cdab-4b23-a609-bc0e1e35b283
01-26 22:38:05 com_github_MitjaNemec_ReplicateLayout.replicate_layout 986:Dst text UUid:1cb4fc00-98c9-4198-baf8-4197d2e3e102
01-26 22:38:05 com_github_MitjaNemec_ReplicateLayout.replicate_layout 985:Src text UUid:e997392b-31a7-4274-89fc-3dd01c251a4b
01-26 22:38:05 com_github_MitjaNemec_ReplicateLayout.replicate_layout 986:Dst text UUid:220807bf-abec-4b97-9d2a-dbff6f197bd4
01-26 22:38:05 com_github_MitjaNemec_ReplicateLayout.replicate_layout 985:Src text UUid:08242784-f706-4b50-92a4-365df3721333
01-26 22:38:05 com_github_MitjaNemec_ReplicateLayout.replicate_layout 986:Dst text UUid:174b3e1e-f632-4a42-8781-c79381e78553
01-26 22:38:05 com_github_MitjaNemec_ReplicateLayout.replicate_layout 985:Src text UUid:b5dcd0a7-d98f-4771-a061-f75bf8eff043
01-26 22:38:05 com_github_MitjaNemec_ReplicateLayout.replicate_layout 986:Dst text UUid:e67c49a3-38e4-4c17-81ea-d71d1c020201
01-26 22:38:05 com_github_MitjaNemec_ReplicateLayout.replicate_layout 985:Src text UUid:99ec516a-6d0b-4161-ae5e-4bbd8a445a07
01-26 22:38:05 com_github_MitjaNemec_ReplicateLayout.replicate_layout 986:Dst text UUid:9effe765-087b-4b08-9c6d-821c69d7d2b4
01-26 22:38:05 com_github_MitjaNemec_ReplicateLayout.replicate_layout 985:Src text UUid:ebe1202d-9ab2-4e56-b93c-c5f3c1baf905
01-26 22:38:05 com_github_MitjaNemec_ReplicateLayout.replicate_layout 986:Dst text UUid:e96bbd54-11a2-4480-b8e7-fa201b01bf44
01-26 22:38:05 com_github_MitjaNemec_ReplicateLayout.replicate_layout 985:Src text UUid:55ea679b-41ff-4bf1-a8e6-d9b2d81761e4
01-26 22:38:05 com_github_MitjaNemec_ReplicateLayout.replicate_layout 986:Dst text UUid:8eeaa2c9-798a-4aad-b5d0-b31b69c5a89d
01-26 22:38:05 com_github_MitjaNemec_ReplicateLayout.replicate_layout 985:Src text UUid:6b7e8be1-b70c-4565-b4bd-5f456dd721b6
01-26 22:38:05 com_github_MitjaNemec_ReplicateLayout.replicate_layout 986:Dst text UUid:4488f51a-1e05-4fc5-a740-e9f17e56076f
01-26 22:38:05 com_github_MitjaNemec_ReplicateLayout.replicate_layout 985:Src text UUid:44f88b4d-7c59-47ee-8475-f0ffb79558b0
01-26 22:38:05 com_github_MitjaNemec_ReplicateLayout.replicate_layout 986:Dst text UUid:8c6ad53e-5a2a-4751-bea4-2a5d8b4a16cf
01-26 22:38:05 com_github_MitjaNemec_ReplicateLayout.replicate_layout 985:Src text UUid:84725189-c695-4f17-abdb-ae7b038a3276
01-26 22:38:05 com_github_MitjaNemec_ReplicateLayout.replicate_layout 986:Dst text UUid:172eb7d9-4761-4acd-8f41-9c6c6629278b
01-26 22:38:05 com_github_MitjaNemec_ReplicateLayout.replicate_layout 985:Src text UUid:b3a46800-41f0-42ee-a1e3-cfacff4a259a
01-26 22:38:05 com_github_MitjaNemec_ReplicateLayout.replicate_layout 986:Dst text UUid:29324b43-7c67-4a33-9a38-e7e73eff5fc8
01-26 22:38:05 com_github_MitjaNemec_ReplicateLayout.replicate_layout 985:Src text UUid:1dc6d421-fe27-41ee-8ef6-f9e18c080c38
01-26 22:38:05 com_github_MitjaNemec_ReplicateLayout.replicate_layout 986:Dst text UUid:223b2f69-b5f3-45ca-8d98-3a75bfcce291
01-26 22:38:05 com_github_MitjaNemec_ReplicateLayout.replicate_layout 985:Src text UUid:3bb33988-b2d3-4607-90b5-59b228541247
01-26 22:38:05 com_github_MitjaNemec_ReplicateLayout.replicate_layout 986:Dst text UUid:3fd96014-b4c0-41fc-816f-0c1c146ef0fc
01-26 22:38:05 com_github_MitjaNemec_ReplicateLayout.replicate_layout 985:Src text UUid:645295b1-c8f1-450b-af96-686a8268a037
01-26 22:38:05 com_github_MitjaNemec_ReplicateLayout.replicate_layout 986:Dst text UUid:55acb335-f049-46cc-a41b-edbc04cca881
01-26 22:38:05 com_github_MitjaNemec_ReplicateLayout.replicate_layout 985:Src text UUid:a6b8ca92-2059-4465-912b-59be22a90bf8
01-26 22:38:05 com_github_MitjaNemec_ReplicateLayout.replicate_layout 986:Dst text UUid:2a7ae3f1-4f69-493e-aab4-c4396e12eaaa
01-26 22:38:05 com_github_MitjaNemec_ReplicateLayout.replicate_layout 985:Src text UUid:5843733c-021b-4e80-8638-7487436c1c7c
01-26 22:38:05 com_github_MitjaNemec_ReplicateLayout.replicate_layout 986:Dst text UUid:c42b8f60-5e26-4188-a39b-2cde3ad20983
01-26 22:38:05 com_github_MitjaNemec_ReplicateLayout.replicate_layout 985:Src text UUid:b3a3ab52-989f-4af0-9e3f-6a291bb92cfd
01-26 22:38:05 com_github_MitjaNemec_ReplicateLayout.replicate_layout 986:Dst text UUid:c3bd6edb-9282-46a1-9e75-9e7bb29b1802
01-26 22:38:05 com_github_MitjaNemec_ReplicateLayout.replicate_layout 985:Src text UUid:379537eb-3159-4665-95db-5c8b8029fa53
01-26 22:38:05 com_github_MitjaNemec_ReplicateLayout.replicate_layout 986:Dst text UUid:a2611920-251b-4070-ace2-a6e464e15429
01-26 22:38:05 com_github_MitjaNemec_ReplicateLayout.replicate_layout 985:Src text UUid:10c7a388-05bb-4010-ac7e-6e25fcb2eb6e
01-26 22:38:05 com_github_MitjaNemec_ReplicateLayout.replicate_layout 986:Dst text UUid:cb8d9126-5dde-40fe-933d-193bfc173329
01-26 22:38:05 com_github_MitjaNemec_ReplicateLayout.replicate_layout 985:Src text UUid:c2cc7dc5-365d-45df-8284-c4006d842189
01-26 22:38:05 com_github_MitjaNemec_ReplicateLayout.replicate_layout 986:Dst text UUid:38c930c8-7676-460f-b3fd-312c63f178dc
01-26 22:38:05 com_github_MitjaNemec_ReplicateLayout.replicate_layout 868:Replicating footprints on sheet ['Module Slot 3']
01-26 22:38:05 com_github_MitjaNemec_ReplicateLayout.replicate_layout 985:Src text UUid:50dd9a6c-94d9-41ce-874c-a340922be547
01-26 22:38:05 com_github_MitjaNemec_ReplicateLayout.replicate_layout 986:Dst text UUid:c50891ae-6193-4b66-bf28-0830b80c9492
01-26 22:38:05 com_github_MitjaNemec_ReplicateLayout.replicate_layout 985:Src text UUid:db36bde6-00a2-438e-9a19-03ae2bb44ef1
01-26 22:38:05 com_github_MitjaNemec_ReplicateLayout.replicate_layout 986:Dst text UUid:2311ac4d-e535-4592-a2e4-a52d9f0c03f9
01-26 22:38:05 com_github_MitjaNemec_ReplicateLayout.replicate_layout 985:Src text UUid:0d673ad2-443c-44ae-8b06-9c752c292480
01-26 22:38:05 com_github_MitjaNemec_ReplicateLayout.replicate_layout 986:Dst text UUid:3871f3a4-9a0d-4611-a401-17e9e06d8f86
01-26 22:38:05 com_github_MitjaNemec_ReplicateLayout.replicate_layout 985:Src text UUid:27370166-0051-4e43-bdfd-89f05e374216
01-26 22:38:05 com_github_MitjaNemec_ReplicateLayout.replicate_layout 986:Dst text UUid:db0d3ad8-56d8-4c11-8493-a1a12b9304fe
01-26 22:38:05 com_github_MitjaNemec_ReplicateLayout.replicate_layout 985:Src text UUid:8c6fba33-9fa1-444d-bc05-ad02b7768667
01-26 22:38:05 com_github_MitjaNemec_ReplicateLayout.replicate_layout 986:Dst text UUid:01045c57-0914-4c8f-924b-a198e9a84fb1
01-26 22:38:05 com_github_MitjaNemec_ReplicateLayout.replicate_layout 985:Src text UUid:d16f9110-f762-4205-81c9-f0a8c0ab151a
01-26 22:38:05 com_github_MitjaNemec_ReplicateLayout.replicate_layout 986:Dst text UUid:0e9f3c6f-c9ee-446c-9571-324edf2078da
01-26 22:38:05 com_github_MitjaNemec_ReplicateLayout.replicate_layout 985:Src text UUid:c2e073c8-bb83-406b-a6ea-4fd1b43fdb58
01-26 22:38:05 com_github_MitjaNemec_ReplicateLayout.replicate_layout 986:Dst text UUid:d87da665-03c2-4f84-8b25-fe7b56eb82fb
01-26 22:38:05 com_github_MitjaNemec_ReplicateLayout.replicate_layout 985:Src text UUid:5097f15e-d49c-4356-8710-d4b7fc8e4f43
01-26 22:38:05 com_github_MitjaNemec_ReplicateLayout.replicate_layout 986:Dst text UUid:dfdd3087-0270-4641-a744-18ad1f1ced32
01-26 22:38:05 com_github_MitjaNemec_ReplicateLayout.replicate_layout 985:Src text UUid:5b27c8d3-bc42-4401-ba55-48724b86a6d1
01-26 22:38:05 com_github_MitjaNemec_ReplicateLayout.replicate_layout 986:Dst text UUid:d9360a1e-fc68-4239-88e7-a7516b49ace3
01-26 22:38:05 com_github_MitjaNemec_ReplicateLayout.replicate_layout 985:Src text UUid:72488d64-23d3-447c-9f93-1b3428b97868
01-26 22:38:05 com_github_MitjaNemec_ReplicateLayout.replicate_layout 986:Dst text UUid:94c6e1a2-0c1f-440a-975e-734cff9b6030
01-26 22:38:05 com_github_MitjaNemec_ReplicateLayout.replicate_layout 985:Src text UUid:d0424ff3-bdc5-4cd6-9ed3-30af12984856
01-26 22:38:05 com_github_MitjaNemec_ReplicateLayout.replicate_layout 986:Dst text UUid:d04f756f-9e5c-4ec6-8063-d64f71f9ecdd
01-26 22:38:05 com_github_MitjaNemec_ReplicateLayout.replicate_layout 985:Src text UUid:3a3716b8-a658-4cd7-bd5f-a1f2d5f7cfe7
01-26 22:38:05 com_github_MitjaNemec_ReplicateLayout.replicate_layout 986:Dst text UUid:b0c4aec7-2beb-47ab-9630-65aaf9384e7e
01-26 22:38:05 com_github_MitjaNemec_ReplicateLayout.replicate_layout 985:Src text UUid:0e2a4e1d-6ffa-4191-ae37-9c7882e06664
01-26 22:38:05 com_github_MitjaNemec_ReplicateLayout.replicate_layout 986:Dst text UUid:a0195ec1-2aaf-4e13-9fe3-e2bb332cdc65
01-26 22:38:05 com_github_MitjaNemec_ReplicateLayout.replicate_layout 985:Src text UUid:18f4e463-fd32-4e98-bc16-dd7b3cfa399e
01-26 22:38:05 com_github_MitjaNemec_ReplicateLayout.replicate_layout 986:Dst text UUid:d175db3e-61e2-4db6-854c-35c14f7e928b
01-26 22:38:05 com_github_MitjaNemec_ReplicateLayout.replicate_layout 985:Src text UUid:904e2bbd-501f-449c-8097-9b37188c9ceb
01-26 22:38:05 com_github_MitjaNemec_ReplicateLayout.replicate_layout 986:Dst text UUid:b0b7036a-887b-4ae3-9b48-ace124ba1572
01-26 22:38:05 com_github_MitjaNemec_ReplicateLayout.replicate_layout 985:Src text UUid:53328326-6ed7-4b19-852a-4da1876db986
01-26 22:38:05 com_github_MitjaNemec_ReplicateLayout.replicate_layout 986:Dst text UUid:93d80282-6bc4-4dd5-868f-f4f3d8ffb468
01-26 22:38:05 com_github_MitjaNemec_ReplicateLayout.replicate_layout 985:Src text UUid:a8dd205f-a5f6-4b27-b7c4-3bea7ccd31cb
01-26 22:38:05 com_github_MitjaNemec_ReplicateLayout.replicate_layout 986:Dst text UUid:8d6363e7-0be8-43d1-b3ce-fb68951751f2
01-26 22:38:05 com_github_MitjaNemec_ReplicateLayout.replicate_layout 985:Src text UUid:932263f1-b250-4980-bad7-ef742f9d28e0
01-26 22:38:05 com_github_MitjaNemec_ReplicateLayout.replicate_layout 986:Dst text UUid:fb7e43cc-442c-4630-ae81-a58ea92300cd
01-26 22:38:05 com_github_MitjaNemec_ReplicateLayout.replicate_layout 985:Src text UUid:847436c6-62c5-405a-8b5c-2d052f820e59
01-26 22:38:05 com_github_MitjaNemec_ReplicateLayout.replicate_layout 986:Dst text UUid:bcd3a059-7e36-4a1f-9412-34a87eaebb63
01-26 22:38:05 com_github_MitjaNemec_ReplicateLayout.replicate_layout 985:Src text UUid:24730bdd-e29a-46b2-8c74-bce66f6d89ec
01-26 22:38:05 com_github_MitjaNemec_ReplicateLayout.replicate_layout 986:Dst text UUid:cff1efb0-ea0d-48ee-be35-597042438bcd
01-26 22:38:05 com_github_MitjaNemec_ReplicateLayout.replicate_layout 985:Src text UUid:3a6d8c27-aa1e-4f94-ae2e-bca00baa2e3c
01-26 22:38:05 com_github_MitjaNemec_ReplicateLayout.replicate_layout 986:Dst text UUid:e0d5cd9a-84e7-4fda-b9da-067fde9ff230
01-26 22:38:05 com_github_MitjaNemec_ReplicateLayout.replicate_layout 985:Src text UUid:4e6309c4-cdab-4b23-a609-bc0e1e35b283
01-26 22:38:05 com_github_MitjaNemec_ReplicateLayout.replicate_layout 986:Dst text UUid:97303ebf-d561-434e-a2de-2a8d29cfeec8
01-26 22:38:05 com_github_MitjaNemec_ReplicateLayout.replicate_layout 985:Src text UUid:e997392b-31a7-4274-89fc-3dd01c251a4b
01-26 22:38:05 com_github_MitjaNemec_ReplicateLayout.replicate_layout 986:Dst text UUid:09b593e3-baa8-492c-add2-9805ef918480
01-26 22:38:05 com_github_MitjaNemec_ReplicateLayout.replicate_layout 985:Src text UUid:08242784-f706-4b50-92a4-365df3721333
01-26 22:38:05 com_github_MitjaNemec_ReplicateLayout.replicate_layout 986:Dst text UUid:1d602268-3dd2-4461-a84f-e39b24aa4d6e
01-26 22:38:05 com_github_MitjaNemec_ReplicateLayout.replicate_layout 985:Src text UUid:b5dcd0a7-d98f-4771-a061-f75bf8eff043
01-26 22:38:05 com_github_MitjaNemec_ReplicateLayout.replicate_layout 986:Dst text UUid:80727725-6fba-4fdc-bbb3-51f9a28de6d1
01-26 22:38:05 com_github_MitjaNemec_ReplicateLayout.replicate_layout 985:Src text UUid:99ec516a-6d0b-4161-ae5e-4bbd8a445a07
01-26 22:38:05 com_github_MitjaNemec_ReplicateLayout.replicate_layout 986:Dst text UUid:ee8a18e6-5f3a-4c7c-88be-3b4795f4ae65
01-26 22:38:05 com_github_MitjaNemec_ReplicateLayout.replicate_layout 985:Src text UUid:ebe1202d-9ab2-4e56-b93c-c5f3c1baf905
01-26 22:38:05 com_github_MitjaNemec_ReplicateLayout.replicate_layout 986:Dst text UUid:3f049fac-0f88-44f3-976b-0e424083bd55
01-26 22:38:05 com_github_MitjaNemec_ReplicateLayout.replicate_layout 985:Src text UUid:55ea679b-41ff-4bf1-a8e6-d9b2d81761e4
01-26 22:38:05 com_github_MitjaNemec_ReplicateLayout.replicate_layout 986:Dst text UUid:972572ae-18b8-4501-8aee-4731100777e5
01-26 22:38:05 com_github_MitjaNemec_ReplicateLayout.replicate_layout 985:Src text UUid:6b7e8be1-b70c-4565-b4bd-5f456dd721b6
01-26 22:38:05 com_github_MitjaNemec_ReplicateLayout.replicate_layout 986:Dst text UUid:f796663c-324d-4f32-9cd3-4d832b379373
01-26 22:38:05 com_github_MitjaNemec_ReplicateLayout.replicate_layout 985:Src text UUid:44f88b4d-7c59-47ee-8475-f0ffb79558b0
01-26 22:38:05 com_github_MitjaNemec_ReplicateLayout.replicate_layout 986:Dst text UUid:7379eb30-6364-425b-8ed7-00d3a3939010
01-26 22:38:05 com_github_MitjaNemec_ReplicateLayout.replicate_layout 985:Src text UUid:84725189-c695-4f17-abdb-ae7b038a3276
01-26 22:38:05 com_github_MitjaNemec_ReplicateLayout.replicate_layout 986:Dst text UUid:27f8a8d0-2c9e-4692-b146-d5afc28c9458
01-26 22:38:05 com_github_MitjaNemec_ReplicateLayout.replicate_layout 985:Src text UUid:b3a46800-41f0-42ee-a1e3-cfacff4a259a
01-26 22:38:05 com_github_MitjaNemec_ReplicateLayout.replicate_layout 986:Dst text UUid:feba4a0f-af31-4f9f-a663-21ad708e8e46
01-26 22:38:05 com_github_MitjaNemec_ReplicateLayout.replicate_layout 985:Src text UUid:1dc6d421-fe27-41ee-8ef6-f9e18c080c38
01-26 22:38:05 com_github_MitjaNemec_ReplicateLayout.replicate_layout 986:Dst text UUid:03b1289e-4e75-411e-80e7-3b18cbbef4eb
01-26 22:38:05 com_github_MitjaNemec_ReplicateLayout.replicate_layout 985:Src text UUid:3bb33988-b2d3-4607-90b5-59b228541247
01-26 22:38:05 com_github_MitjaNemec_ReplicateLayout.replicate_layout 986:Dst text UUid:7095376d-bea8-4ec7-ba55-c49c7886e836
01-26 22:38:05 com_github_MitjaNemec_ReplicateLayout.replicate_layout 985:Src text UUid:645295b1-c8f1-450b-af96-686a8268a037
01-26 22:38:05 com_github_MitjaNemec_ReplicateLayout.replicate_layout 986:Dst text UUid:41eb3885-f033-493c-b7cc-7e8b6b523783
01-26 22:38:05 com_github_MitjaNemec_ReplicateLayout.replicate_layout 985:Src text UUid:a6b8ca92-2059-4465-912b-59be22a90bf8
01-26 22:38:05 com_github_MitjaNemec_ReplicateLayout.replicate_layout 986:Dst text UUid:29437272-d038-429d-9bca-376d9289565e
01-26 22:38:05 com_github_MitjaNemec_ReplicateLayout.replicate_layout 985:Src text UUid:5843733c-021b-4e80-8638-7487436c1c7c
01-26 22:38:05 com_github_MitjaNemec_ReplicateLayout.replicate_layout 986:Dst text UUid:a3fa0f07-6de2-4e0b-96f9-560e0d7f2555
01-26 22:38:05 com_github_MitjaNemec_ReplicateLayout.replicate_layout 985:Src text UUid:b3a3ab52-989f-4af0-9e3f-6a291bb92cfd
01-26 22:38:05 com_github_MitjaNemec_ReplicateLayout.replicate_layout 986:Dst text UUid:b0edd58a-fad9-4613-93f6-a3f0b3d92e69
01-26 22:38:05 com_github_MitjaNemec_ReplicateLayout.replicate_layout 985:Src text UUid:379537eb-3159-4665-95db-5c8b8029fa53
01-26 22:38:05 com_github_MitjaNemec_ReplicateLayout.replicate_layout 986:Dst text UUid:84aff161-61b3-48f5-8c9c-2a75fad0264f
01-26 22:38:05 com_github_MitjaNemec_ReplicateLayout.replicate_layout 985:Src text UUid:10c7a388-05bb-4010-ac7e-6e25fcb2eb6e
01-26 22:38:05 com_github_MitjaNemec_ReplicateLayout.replicate_layout 986:Dst text UUid:f4c6a96e-fb66-489a-af8c-e9cc44f62edc
01-26 22:38:05 com_github_MitjaNemec_ReplicateLayout.replicate_layout 985:Src text UUid:c2cc7dc5-365d-45df-8284-c4006d842189
01-26 22:38:05 com_github_MitjaNemec_ReplicateLayout.replicate_layout 986:Dst text UUid:632dd459-1264-46bd-89ab-63c3e710bd76
01-26 22:38:05 com_github_MitjaNemec_ReplicateLayout.replicate_layout 868:Replicating footprints on sheet ['Module Slot 4']
01-26 22:38:05 com_github_MitjaNemec_ReplicateLayout.replicate_layout 985:Src text UUid:50dd9a6c-94d9-41ce-874c-a340922be547
01-26 22:38:05 com_github_MitjaNemec_ReplicateLayout.replicate_layout 986:Dst text UUid:7cc7bd9b-9e30-4e7a-9504-577e0d886c27
01-26 22:38:05 com_github_MitjaNemec_ReplicateLayout.replicate_layout 985:Src text UUid:db36bde6-00a2-438e-9a19-03ae2bb44ef1
01-26 22:38:05 com_github_MitjaNemec_ReplicateLayout.replicate_layout 986:Dst text UUid:b7c237c2-7c3a-4fe2-8443-b9f89ac0dc73
01-26 22:38:05 com_github_MitjaNemec_ReplicateLayout.replicate_layout 985:Src text UUid:0d673ad2-443c-44ae-8b06-9c752c292480
01-26 22:38:05 com_github_MitjaNemec_ReplicateLayout.replicate_layout 986:Dst text UUid:30c5de87-27d6-41bc-ae2a-c2e34e5584af
01-26 22:38:05 com_github_MitjaNemec_ReplicateLayout.replicate_layout 985:Src text UUid:27370166-0051-4e43-bdfd-89f05e374216
01-26 22:38:05 com_github_MitjaNemec_ReplicateLayout.replicate_layout 986:Dst text UUid:0cb57e56-12ea-400f-97bc-a9f69a5e98e9
01-26 22:38:05 com_github_MitjaNemec_ReplicateLayout.replicate_layout 985:Src text UUid:8c6fba33-9fa1-444d-bc05-ad02b7768667
01-26 22:38:05 com_github_MitjaNemec_ReplicateLayout.replicate_layout 986:Dst text UUid:cf8f0832-1578-4031-8201-4c38b8b4bfb4
01-26 22:38:05 com_github_MitjaNemec_ReplicateLayout.replicate_layout 985:Src text UUid:d16f9110-f762-4205-81c9-f0a8c0ab151a
01-26 22:38:05 com_github_MitjaNemec_ReplicateLayout.replicate_layout 986:Dst text UUid:ff4ed98e-7db9-4527-ae36-93d19fce168e
01-26 22:38:05 com_github_MitjaNemec_ReplicateLayout.replicate_layout 985:Src text UUid:c2e073c8-bb83-406b-a6ea-4fd1b43fdb58
01-26 22:38:05 com_github_MitjaNemec_ReplicateLayout.replicate_layout 986:Dst text UUid:36700417-3274-4c59-bfbf-d8ce519c58d3
01-26 22:38:05 com_github_MitjaNemec_ReplicateLayout.replicate_layout 985:Src text UUid:5097f15e-d49c-4356-8710-d4b7fc8e4f43
01-26 22:38:05 com_github_MitjaNemec_ReplicateLayout.replicate_layout 986:Dst text UUid:3783dac6-a151-4c20-a339-47b1eb28cc63
01-26 22:38:05 com_github_MitjaNemec_ReplicateLayout.replicate_layout 985:Src text UUid:5b27c8d3-bc42-4401-ba55-48724b86a6d1
01-26 22:38:05 com_github_MitjaNemec_ReplicateLayout.replicate_layout 986:Dst text UUid:5beef863-ce8b-4ed4-84af-8dfb46824c51
01-26 22:38:05 com_github_MitjaNemec_ReplicateLayout.replicate_layout 985:Src text UUid:72488d64-23d3-447c-9f93-1b3428b97868
01-26 22:38:05 com_github_MitjaNemec_ReplicateLayout.replicate_layout 986:Dst text UUid:fc995d91-00b2-42a3-b858-907a56a057c0
01-26 22:38:05 com_github_MitjaNemec_ReplicateLayout.replicate_layout 985:Src text UUid:d0424ff3-bdc5-4cd6-9ed3-30af12984856
01-26 22:38:05 com_github_MitjaNemec_ReplicateLayout.replicate_layout 986:Dst text UUid:aada2bf2-e7f0-4cd9-b315-96380c422210
01-26 22:38:05 com_github_MitjaNemec_ReplicateLayout.replicate_layout 985:Src text UUid:3a3716b8-a658-4cd7-bd5f-a1f2d5f7cfe7
01-26 22:38:05 com_github_MitjaNemec_ReplicateLayout.replicate_layout 986:Dst text UUid:772e5b12-2288-4292-ad0a-9682544837a7
01-26 22:38:05 com_github_MitjaNemec_ReplicateLayout.replicate_layout 985:Src text UUid:0e2a4e1d-6ffa-4191-ae37-9c7882e06664
01-26 22:38:05 com_github_MitjaNemec_ReplicateLayout.replicate_layout 986:Dst text UUid:f609880c-56d6-4a9a-ac8c-4ccbe6a74d51
01-26 22:38:05 com_github_MitjaNemec_ReplicateLayout.replicate_layout 985:Src text UUid:18f4e463-fd32-4e98-bc16-dd7b3cfa399e
01-26 22:38:05 com_github_MitjaNemec_ReplicateLayout.replicate_layout 986:Dst text UUid:b90da2b8-2674-4da2-be6e-951efd2c3719
01-26 22:38:05 com_github_MitjaNemec_ReplicateLayout.replicate_layout 985:Src text UUid:904e2bbd-501f-449c-8097-9b37188c9ceb
01-26 22:38:05 com_github_MitjaNemec_ReplicateLayout.replicate_layout 986:Dst text UUid:8e684221-2866-4b91-81ae-1eaff9ff3d67
01-26 22:38:05 com_github_MitjaNemec_ReplicateLayout.replicate_layout 985:Src text UUid:53328326-6ed7-4b19-852a-4da1876db986
01-26 22:38:05 com_github_MitjaNemec_ReplicateLayout.replicate_layout 986:Dst text UUid:3c18eb70-da1c-4861-9810-2fce3ca31c6d
01-26 22:38:05 com_github_MitjaNemec_ReplicateLayout.replicate_layout 985:Src text UUid:a8dd205f-a5f6-4b27-b7c4-3bea7ccd31cb
01-26 22:38:05 com_github_MitjaNemec_ReplicateLayout.replicate_layout 986:Dst text UUid:845b22c2-3776-4a34-b663-2eab0433aede
01-26 22:38:05 com_github_MitjaNemec_ReplicateLayout.replicate_layout 985:Src text UUid:932263f1-b250-4980-bad7-ef742f9d28e0
01-26 22:38:05 com_github_MitjaNemec_ReplicateLayout.replicate_layout 986:Dst text UUid:ffa578bc-d6ae-4f97-8455-1dfd7ab96585
01-26 22:38:05 com_github_MitjaNemec_ReplicateLayout.replicate_layout 985:Src text UUid:847436c6-62c5-405a-8b5c-2d052f820e59
01-26 22:38:05 com_github_MitjaNemec_ReplicateLayout.replicate_layout 986:Dst text UUid:0040825a-93a6-4559-956d-a7d4b21b80ca
01-26 22:38:05 com_github_MitjaNemec_ReplicateLayout.replicate_layout 985:Src text UUid:24730bdd-e29a-46b2-8c74-bce66f6d89ec
01-26 22:38:05 com_github_MitjaNemec_ReplicateLayout.replicate_layout 986:Dst text UUid:b227f4f4-3e6e-4e7a-8901-2b1217da0d63
01-26 22:38:05 com_github_MitjaNemec_ReplicateLayout.replicate_layout 985:Src text UUid:3a6d8c27-aa1e-4f94-ae2e-bca00baa2e3c
01-26 22:38:05 com_github_MitjaNemec_ReplicateLayout.replicate_layout 986:Dst text UUid:8b24b919-aa9d-466f-8ed6-f875a7d5d3cb
01-26 22:38:05 com_github_MitjaNemec_ReplicateLayout.replicate_layout 985:Src text UUid:4e6309c4-cdab-4b23-a609-bc0e1e35b283
01-26 22:38:05 com_github_MitjaNemec_ReplicateLayout.replicate_layout 986:Dst text UUid:603e55ca-53be-48a3-b797-44c52da6b528
01-26 22:38:05 com_github_MitjaNemec_ReplicateLayout.replicate_layout 985:Src text UUid:e997392b-31a7-4274-89fc-3dd01c251a4b
01-26 22:38:05 com_github_MitjaNemec_ReplicateLayout.replicate_layout 986:Dst text UUid:d49a2303-502b-4cc8-b4d4-3247ece50bfb
01-26 22:38:05 com_github_MitjaNemec_ReplicateLayout.replicate_layout 985:Src text UUid:08242784-f706-4b50-92a4-365df3721333
01-26 22:38:05 com_github_MitjaNemec_ReplicateLayout.replicate_layout 986:Dst text UUid:ee5811eb-7634-4610-b84a-e0b6d3023188
01-26 22:38:05 com_github_MitjaNemec_ReplicateLayout.replicate_layout 985:Src text UUid:b5dcd0a7-d98f-4771-a061-f75bf8eff043
01-26 22:38:05 com_github_MitjaNemec_ReplicateLayout.replicate_layout 986:Dst text UUid:a5f2b702-f591-4d7e-b098-97b09514a1d8
01-26 22:38:05 com_github_MitjaNemec_ReplicateLayout.replicate_layout 985:Src text UUid:99ec516a-6d0b-4161-ae5e-4bbd8a445a07
01-26 22:38:05 com_github_MitjaNemec_ReplicateLayout.replicate_layout 986:Dst text UUid:5a295d8d-62d0-4c66-9de1-6ac9c8daac83
01-26 22:38:05 com_github_MitjaNemec_ReplicateLayout.replicate_layout 985:Src text UUid:ebe1202d-9ab2-4e56-b93c-c5f3c1baf905
01-26 22:38:05 com_github_MitjaNemec_ReplicateLayout.replicate_layout 986:Dst text UUid:58dddc89-8502-482b-83a2-1e85f3f99e77
01-26 22:38:05 com_github_MitjaNemec_ReplicateLayout.replicate_layout 985:Src text UUid:55ea679b-41ff-4bf1-a8e6-d9b2d81761e4
01-26 22:38:05 com_github_MitjaNemec_ReplicateLayout.replicate_layout 986:Dst text UUid:009078a9-eeea-4b3a-a7a3-8d95d5d54f75
01-26 22:38:05 com_github_MitjaNemec_ReplicateLayout.replicate_layout 985:Src text UUid:6b7e8be1-b70c-4565-b4bd-5f456dd721b6
01-26 22:38:05 com_github_MitjaNemec_ReplicateLayout.replicate_layout 986:Dst text UUid:dfda3da1-ec0b-4ea9-9ef3-24cd7a8aeec1
01-26 22:38:05 com_github_MitjaNemec_ReplicateLayout.replicate_layout 985:Src text UUid:44f88b4d-7c59-47ee-8475-f0ffb79558b0
01-26 22:38:05 com_github_MitjaNemec_ReplicateLayout.replicate_layout 986:Dst text UUid:341c093b-57ec-42ca-b877-351d20738738
01-26 22:38:05 com_github_MitjaNemec_ReplicateLayout.replicate_layout 985:Src text UUid:84725189-c695-4f17-abdb-ae7b038a3276
01-26 22:38:05 com_github_MitjaNemec_ReplicateLayout.replicate_layout 986:Dst text UUid:320734d4-1a16-4378-833d-dbf77d0dfa3e
01-26 22:38:05 com_github_MitjaNemec_ReplicateLayout.replicate_layout 985:Src text UUid:b3a46800-41f0-42ee-a1e3-cfacff4a259a
01-26 22:38:05 com_github_MitjaNemec_ReplicateLayout.replicate_layout 986:Dst text UUid:b7641356-6588-49be-a5a2-5014f1ae8728
01-26 22:38:05 com_github_MitjaNemec_ReplicateLayout.replicate_layout 985:Src text UUid:1dc6d421-fe27-41ee-8ef6-f9e18c080c38
01-26 22:38:05 com_github_MitjaNemec_ReplicateLayout.replicate_layout 986:Dst text UUid:80fbdc5d-8094-43f0-9e1d-c92117541dd5
01-26 22:38:05 com_github_MitjaNemec_ReplicateLayout.replicate_layout 985:Src text UUid:3bb33988-b2d3-4607-90b5-59b228541247
01-26 22:38:05 com_github_MitjaNemec_ReplicateLayout.replicate_layout 986:Dst text UUid:eadd8c02-3324-48b5-bdf2-5e15f7689375
01-26 22:38:05 com_github_MitjaNemec_ReplicateLayout.replicate_layout 985:Src text UUid:645295b1-c8f1-450b-af96-686a8268a037
01-26 22:38:05 com_github_MitjaNemec_ReplicateLayout.replicate_layout 986:Dst text UUid:6b2e0a41-0d4a-459f-8410-dfc83344a1d1
01-26 22:38:05 com_github_MitjaNemec_ReplicateLayout.replicate_layout 985:Src text UUid:a6b8ca92-2059-4465-912b-59be22a90bf8
01-26 22:38:05 com_github_MitjaNemec_ReplicateLayout.replicate_layout 986:Dst text UUid:d29b7464-24f3-46f9-9412-ddd1571ae452
01-26 22:38:05 com_github_MitjaNemec_ReplicateLayout.replicate_layout 985:Src text UUid:5843733c-021b-4e80-8638-7487436c1c7c
01-26 22:38:05 com_github_MitjaNemec_ReplicateLayout.replicate_layout 986:Dst text UUid:bb675be7-44bf-41b7-ab5a-fcace7b697a1
01-26 22:38:05 com_github_MitjaNemec_ReplicateLayout.replicate_layout 985:Src text UUid:b3a3ab52-989f-4af0-9e3f-6a291bb92cfd
01-26 22:38:05 com_github_MitjaNemec_ReplicateLayout.replicate_layout 986:Dst text UUid:28880f89-e2a6-4fad-a211-37f4a2034b64
01-26 22:38:05 com_github_MitjaNemec_ReplicateLayout.replicate_layout 985:Src text UUid:379537eb-3159-4665-95db-5c8b8029fa53
01-26 22:38:05 com_github_MitjaNemec_ReplicateLayout.replicate_layout 986:Dst text UUid:e247b9dc-627a-42be-81f4-caadde511ddf
01-26 22:38:05 com_github_MitjaNemec_ReplicateLayout.replicate_layout 985:Src text UUid:10c7a388-05bb-4010-ac7e-6e25fcb2eb6e
01-26 22:38:05 com_github_MitjaNemec_ReplicateLayout.replicate_layout 986:Dst text UUid:bf7ecb01-8729-4948-abae-46dd2e172ca9
01-26 22:38:05 com_github_MitjaNemec_ReplicateLayout.replicate_layout 985:Src text UUid:c2cc7dc5-365d-45df-8284-c4006d842189
01-26 22:38:05 com_github_MitjaNemec_ReplicateLayout.replicate_layout 986:Dst text UUid:598876a1-e053-4dd8-afb7-1c81899b1790
01-26 22:38:05 com_github_MitjaNemec_ReplicateLayout.replicate_layout 868:Replicating footprints on sheet ['Module Slot 5']
01-26 22:38:05 com_github_MitjaNemec_ReplicateLayout.replicate_layout 985:Src text UUid:50dd9a6c-94d9-41ce-874c-a340922be547
01-26 22:38:05 com_github_MitjaNemec_ReplicateLayout.replicate_layout 986:Dst text UUid:6702682f-5383-42d6-9bb3-b47820dcf8dc
01-26 22:38:05 com_github_MitjaNemec_ReplicateLayout.replicate_layout 985:Src text UUid:db36bde6-00a2-438e-9a19-03ae2bb44ef1
01-26 22:38:05 com_github_MitjaNemec_ReplicateLayout.replicate_layout 986:Dst text UUid:34b372ee-ab7e-470f-b685-780d10a24748
01-26 22:38:05 com_github_MitjaNemec_ReplicateLayout.replicate_layout 985:Src text UUid:0d673ad2-443c-44ae-8b06-9c752c292480
01-26 22:38:05 com_github_MitjaNemec_ReplicateLayout.replicate_layout 986:Dst text UUid:e8453b8a-2764-4d71-a134-f108bfb07b74
01-26 22:38:05 com_github_MitjaNemec_ReplicateLayout.replicate_layout 985:Src text UUid:27370166-0051-4e43-bdfd-89f05e374216
01-26 22:38:05 com_github_MitjaNemec_ReplicateLayout.replicate_layout 986:Dst text UUid:a30236dd-d454-4f74-9d49-0d448a32c9b5
01-26 22:38:05 com_github_MitjaNemec_ReplicateLayout.replicate_layout 985:Src text UUid:8c6fba33-9fa1-444d-bc05-ad02b7768667
01-26 22:38:05 com_github_MitjaNemec_ReplicateLayout.replicate_layout 986:Dst text UUid:c1e62f42-519a-47df-9f0d-0f7ca6473112
01-26 22:38:05 com_github_MitjaNemec_ReplicateLayout.replicate_layout 985:Src text UUid:d16f9110-f762-4205-81c9-f0a8c0ab151a
01-26 22:38:05 com_github_MitjaNemec_ReplicateLayout.replicate_layout 986:Dst text UUid:a5f3102a-4c83-4027-90ba-dc711eb9d8a0
01-26 22:38:05 com_github_MitjaNemec_ReplicateLayout.replicate_layout 985:Src text UUid:c2e073c8-bb83-406b-a6ea-4fd1b43fdb58
01-26 22:38:05 com_github_MitjaNemec_ReplicateLayout.replicate_layout 986:Dst text UUid:3237fb43-a378-4e3c-84fd-afc1f9d0508c
01-26 22:38:05 com_github_MitjaNemec_ReplicateLayout.replicate_layout 985:Src text UUid:5097f15e-d49c-4356-8710-d4b7fc8e4f43
01-26 22:38:05 com_github_MitjaNemec_ReplicateLayout.replicate_layout 986:Dst text UUid:407fc1d0-3cbf-45a2-a0c5-12cad07bb0fe
01-26 22:38:05 com_github_MitjaNemec_ReplicateLayout.replicate_layout 985:Src text UUid:5b27c8d3-bc42-4401-ba55-48724b86a6d1
01-26 22:38:05 com_github_MitjaNemec_ReplicateLayout.replicate_layout 986:Dst text UUid:e1f4a6fc-62e1-444b-8568-e9673a19adf0
01-26 22:38:05 com_github_MitjaNemec_ReplicateLayout.replicate_layout 985:Src text UUid:72488d64-23d3-447c-9f93-1b3428b97868
01-26 22:38:05 com_github_MitjaNemec_ReplicateLayout.replicate_layout 986:Dst text UUid:3344582c-3d1b-49cb-8b4c-9e8828aebd78
01-26 22:38:05 com_github_MitjaNemec_ReplicateLayout.replicate_layout 985:Src text UUid:d0424ff3-bdc5-4cd6-9ed3-30af12984856
01-26 22:38:05 com_github_MitjaNemec_ReplicateLayout.replicate_layout 986:Dst text UUid:9d52c312-f859-4c80-acb2-ba6985fe2a70
01-26 22:38:05 com_github_MitjaNemec_ReplicateLayout.replicate_layout 985:Src text UUid:3a3716b8-a658-4cd7-bd5f-a1f2d5f7cfe7
01-26 22:38:05 com_github_MitjaNemec_ReplicateLayout.replicate_layout 986:Dst text UUid:f7ec7fb4-acb6-42ea-b646-d546cddb84fa
01-26 22:38:05 com_github_MitjaNemec_ReplicateLayout.replicate_layout 985:Src text UUid:0e2a4e1d-6ffa-4191-ae37-9c7882e06664
01-26 22:38:05 com_github_MitjaNemec_ReplicateLayout.replicate_layout 986:Dst text UUid:8a573e0b-bcc9-48ec-b4e4-5dd2f194bc4f
01-26 22:38:05 com_github_MitjaNemec_ReplicateLayout.replicate_layout 985:Src text UUid:18f4e463-fd32-4e98-bc16-dd7b3cfa399e
01-26 22:38:05 com_github_MitjaNemec_ReplicateLayout.replicate_layout 986:Dst text UUid:c0824d78-a454-4267-850d-9de82f825f27
01-26 22:38:05 com_github_MitjaNemec_ReplicateLayout.replicate_layout 985:Src text UUid:904e2bbd-501f-449c-8097-9b37188c9ceb
01-26 22:38:05 com_github_MitjaNemec_ReplicateLayout.replicate_layout 986:Dst text UUid:1c001fc9-3d1c-4d57-8fcb-533dedfaedce
01-26 22:38:05 com_github_MitjaNemec_ReplicateLayout.replicate_layout 985:Src text UUid:53328326-6ed7-4b19-852a-4da1876db986
01-26 22:38:05 com_github_MitjaNemec_ReplicateLayout.replicate_layout 986:Dst text UUid:9719508d-7fd4-41b6-8ade-dd5ac56daca0
01-26 22:38:05 com_github_MitjaNemec_ReplicateLayout.replicate_layout 985:Src text UUid:a8dd205f-a5f6-4b27-b7c4-3bea7ccd31cb
01-26 22:38:05 com_github_MitjaNemec_ReplicateLayout.replicate_layout 986:Dst text UUid:c4778ef1-97f3-4c3a-8693-52885a09a763
01-26 22:38:05 com_github_MitjaNemec_ReplicateLayout.replicate_layout 985:Src text UUid:932263f1-b250-4980-bad7-ef742f9d28e0
01-26 22:38:05 com_github_MitjaNemec_ReplicateLayout.replicate_layout 986:Dst text UUid:0ce67175-bcc1-4b06-bddb-eab367677c4b
01-26 22:38:05 root 337:updating GUI with: 74
01-26 22:38:05 com_github_MitjaNemec_ReplicateLayout.replicate_layout 985:Src text UUid:847436c6-62c5-405a-8b5c-2d052f820e59
01-26 22:38:05 com_github_MitjaNemec_ReplicateLayout.replicate_layout 986:Dst text UUid:b00b74b1-5fb8-4b79-99ba-f32f8bd62272
01-26 22:38:05 com_github_MitjaNemec_ReplicateLayout.replicate_layout 985:Src text UUid:24730bdd-e29a-46b2-8c74-bce66f6d89ec
01-26 22:38:05 com_github_MitjaNemec_ReplicateLayout.replicate_layout 986:Dst text UUid:75d6cb49-d581-4c71-bcb4-a32556ab241e
01-26 22:38:05 com_github_MitjaNemec_ReplicateLayout.replicate_layout 985:Src text UUid:3a6d8c27-aa1e-4f94-ae2e-bca00baa2e3c
01-26 22:38:05 com_github_MitjaNemec_ReplicateLayout.replicate_layout 986:Dst text UUid:b232eeb4-a29f-4ac3-80a5-a48d90dfd1c1
01-26 22:38:05 root 337:updating GUI with: 76
01-26 22:38:05 com_github_MitjaNemec_ReplicateLayout.replicate_layout 985:Src text UUid:4e6309c4-cdab-4b23-a609-bc0e1e35b283
01-26 22:38:05 com_github_MitjaNemec_ReplicateLayout.replicate_layout 986:Dst text UUid:db07bd77-be8b-461f-a6e2-900ff48094d3
01-26 22:38:05 com_github_MitjaNemec_ReplicateLayout.replicate_layout 985:Src text UUid:e997392b-31a7-4274-89fc-3dd01c251a4b
01-26 22:38:05 com_github_MitjaNemec_ReplicateLayout.replicate_layout 986:Dst text UUid:0c6dfb6c-f65e-444a-a613-6f899d704e37
01-26 22:38:05 com_github_MitjaNemec_ReplicateLayout.replicate_layout 985:Src text UUid:08242784-f706-4b50-92a4-365df3721333
01-26 22:38:05 com_github_MitjaNemec_ReplicateLayout.replicate_layout 986:Dst text UUid:ffe56df6-7394-47be-8784-5d303a41cdb3
01-26 22:38:05 com_github_MitjaNemec_ReplicateLayout.replicate_layout 985:Src text UUid:b5dcd0a7-d98f-4771-a061-f75bf8eff043
01-26 22:38:05 com_github_MitjaNemec_ReplicateLayout.replicate_layout 986:Dst text UUid:74b81e06-0776-434b-a754-15a69a237c06
01-26 22:38:05 com_github_MitjaNemec_ReplicateLayout.replicate_layout 985:Src text UUid:99ec516a-6d0b-4161-ae5e-4bbd8a445a07
01-26 22:38:05 com_github_MitjaNemec_ReplicateLayout.replicate_layout 986:Dst text UUid:b2d4cc1e-a2e3-4e49-9e82-55e605ae093e
01-26 22:38:05 com_github_MitjaNemec_ReplicateLayout.replicate_layout 985:Src text UUid:ebe1202d-9ab2-4e56-b93c-c5f3c1baf905
01-26 22:38:05 com_github_MitjaNemec_ReplicateLayout.replicate_layout 986:Dst text UUid:83ff3577-903f-4a7d-a2ce-0613ad89417c
01-26 22:38:05 com_github_MitjaNemec_ReplicateLayout.replicate_layout 985:Src text UUid:55ea679b-41ff-4bf1-a8e6-d9b2d81761e4
01-26 22:38:05 com_github_MitjaNemec_ReplicateLayout.replicate_layout 986:Dst text UUid:9910ee49-6514-4688-9ee4-e66d9a08106e
01-26 22:38:05 com_github_MitjaNemec_ReplicateLayout.replicate_layout 985:Src text UUid:6b7e8be1-b70c-4565-b4bd-5f456dd721b6
01-26 22:38:05 com_github_MitjaNemec_ReplicateLayout.replicate_layout 986:Dst text UUid:75521ac2-e324-4a1d-a4c6-4504958accb2
01-26 22:38:05 com_github_MitjaNemec_ReplicateLayout.replicate_layout 985:Src text UUid:44f88b4d-7c59-47ee-8475-f0ffb79558b0
01-26 22:38:05 com_github_MitjaNemec_ReplicateLayout.replicate_layout 986:Dst text UUid:46c81c90-1c9f-4c4d-801e-7a7e52648c6c
01-26 22:38:05 com_github_MitjaNemec_ReplicateLayout.replicate_layout 985:Src text UUid:84725189-c695-4f17-abdb-ae7b038a3276
01-26 22:38:05 com_github_MitjaNemec_ReplicateLayout.replicate_layout 986:Dst text UUid:27eb20a9-1902-49c7-b238-c4c7864ea727
01-26 22:38:05 com_github_MitjaNemec_ReplicateLayout.replicate_layout 985:Src text UUid:b3a46800-41f0-42ee-a1e3-cfacff4a259a
01-26 22:38:05 com_github_MitjaNemec_ReplicateLayout.replicate_layout 986:Dst text UUid:c3a166b9-7cb0-47be-9944-b250abde1b5d
01-26 22:38:05 com_github_MitjaNemec_ReplicateLayout.replicate_layout 985:Src text UUid:1dc6d421-fe27-41ee-8ef6-f9e18c080c38
01-26 22:38:05 com_github_MitjaNemec_ReplicateLayout.replicate_layout 986:Dst text UUid:e09762ce-8acc-41f6-85bf-148686688159
01-26 22:38:05 com_github_MitjaNemec_ReplicateLayout.replicate_layout 985:Src text UUid:3bb33988-b2d3-4607-90b5-59b228541247
01-26 22:38:05 com_github_MitjaNemec_ReplicateLayout.replicate_layout 986:Dst text UUid:91ad08f8-0385-46a8-b0d9-330de31b92b2
01-26 22:38:05 com_github_MitjaNemec_ReplicateLayout.replicate_layout 985:Src text UUid:645295b1-c8f1-450b-af96-686a8268a037
01-26 22:38:05 com_github_MitjaNemec_ReplicateLayout.replicate_layout 986:Dst text UUid:1ec52a16-71e2-4f08-8931-09920bfefd03
01-26 22:38:05 com_github_MitjaNemec_ReplicateLayout.replicate_layout 985:Src text UUid:a6b8ca92-2059-4465-912b-59be22a90bf8
01-26 22:38:05 com_github_MitjaNemec_ReplicateLayout.replicate_layout 986:Dst text UUid:d09d6b78-e1bf-4cf6-ad3e-72bab06b5840
01-26 22:38:05 com_github_MitjaNemec_ReplicateLayout.replicate_layout 985:Src text UUid:5843733c-021b-4e80-8638-7487436c1c7c
01-26 22:38:05 com_github_MitjaNemec_ReplicateLayout.replicate_layout 986:Dst text UUid:8a3d5667-9d82-499d-b169-5b2c403d0a74
01-26 22:38:05 com_github_MitjaNemec_ReplicateLayout.replicate_layout 985:Src text UUid:b3a3ab52-989f-4af0-9e3f-6a291bb92cfd
01-26 22:38:05 com_github_MitjaNemec_ReplicateLayout.replicate_layout 986:Dst text UUid:b33bcae8-d0a1-4cdb-a8f1-5019606065ea
01-26 22:38:05 com_github_MitjaNemec_ReplicateLayout.replicate_layout 985:Src text UUid:379537eb-3159-4665-95db-5c8b8029fa53
01-26 22:38:05 com_github_MitjaNemec_ReplicateLayout.replicate_layout 986:Dst text UUid:7aa176e2-30e2-4cb4-bac6-4b504f7223af
01-26 22:38:05 com_github_MitjaNemec_ReplicateLayout.replicate_layout 985:Src text UUid:10c7a388-05bb-4010-ac7e-6e25fcb2eb6e
01-26 22:38:05 com_github_MitjaNemec_ReplicateLayout.replicate_layout 986:Dst text UUid:80f9fee6-d972-40bc-b881-34be1249e8d4
01-26 22:38:05 com_github_MitjaNemec_ReplicateLayout.replicate_layout 985:Src text UUid:c2cc7dc5-365d-45df-8284-c4006d842189
01-26 22:38:05 com_github_MitjaNemec_ReplicateLayout.replicate_layout 986:Dst text UUid:e5b7ab78-0d83-40e3-8bac-a56492234fc2
01-26 22:38:05 com_github_MitjaNemec_ReplicateLayout.replicate_layout 868:Replicating footprints on sheet ['Module Slot 7']
01-26 22:38:05 com_github_MitjaNemec_ReplicateLayout.replicate_layout 985:Src text UUid:50dd9a6c-94d9-41ce-874c-a340922be547
01-26 22:38:05 com_github_MitjaNemec_ReplicateLayout.replicate_layout 986:Dst text UUid:78bc0e4f-5c03-4df5-adaf-d1392448afa9
01-26 22:38:05 com_github_MitjaNemec_ReplicateLayout.replicate_layout 985:Src text UUid:db36bde6-00a2-438e-9a19-03ae2bb44ef1
01-26 22:38:05 com_github_MitjaNemec_ReplicateLayout.replicate_layout 986:Dst text UUid:4aa631e3-ba3a-4fab-a9c0-a96a37e1243a
01-26 22:38:05 com_github_MitjaNemec_ReplicateLayout.replicate_layout 985:Src text UUid:0d673ad2-443c-44ae-8b06-9c752c292480
01-26 22:38:05 com_github_MitjaNemec_ReplicateLayout.replicate_layout 986:Dst text UUid:d86ceec0-9761-43de-ac06-39e081e242eb
01-26 22:38:05 com_github_MitjaNemec_ReplicateLayout.replicate_layout 985:Src text UUid:27370166-0051-4e43-bdfd-89f05e374216
01-26 22:38:05 com_github_MitjaNemec_ReplicateLayout.replicate_layout 986:Dst text UUid:1b5d96e0-4799-48d5-b8e4-c5b0c3ae01b3
01-26 22:38:05 com_github_MitjaNemec_ReplicateLayout.replicate_layout 985:Src text UUid:8c6fba33-9fa1-444d-bc05-ad02b7768667
01-26 22:38:05 com_github_MitjaNemec_ReplicateLayout.replicate_layout 986:Dst text UUid:aae25060-b626-4ef9-b433-d3dfe878d9c9
01-26 22:38:05 com_github_MitjaNemec_ReplicateLayout.replicate_layout 985:Src text UUid:d16f9110-f762-4205-81c9-f0a8c0ab151a
01-26 22:38:05 com_github_MitjaNemec_ReplicateLayout.replicate_layout 986:Dst text UUid:b0f14aa2-2c9e-4161-8b04-556a8b40991f
01-26 22:38:05 com_github_MitjaNemec_ReplicateLayout.replicate_layout 985:Src text UUid:c2e073c8-bb83-406b-a6ea-4fd1b43fdb58
01-26 22:38:05 com_github_MitjaNemec_ReplicateLayout.replicate_layout 986:Dst text UUid:15aa6d0a-8f64-414f-82e9-051b7cb340ac
01-26 22:38:05 com_github_MitjaNemec_ReplicateLayout.replicate_layout 985:Src text UUid:5097f15e-d49c-4356-8710-d4b7fc8e4f43
01-26 22:38:05 com_github_MitjaNemec_ReplicateLayout.replicate_layout 986:Dst text UUid:8560b850-cd67-4caa-a12d-19f48578481a
01-26 22:38:05 com_github_MitjaNemec_ReplicateLayout.replicate_layout 985:Src text UUid:5b27c8d3-bc42-4401-ba55-48724b86a6d1
01-26 22:38:05 com_github_MitjaNemec_ReplicateLayout.replicate_layout 986:Dst text UUid:69ba3b78-df6b-44a4-b82f-20efd4ef03cf
01-26 22:38:05 com_github_MitjaNemec_ReplicateLayout.replicate_layout 985:Src text UUid:72488d64-23d3-447c-9f93-1b3428b97868
01-26 22:38:05 com_github_MitjaNemec_ReplicateLayout.replicate_layout 986:Dst text UUid:6360f075-785c-4f10-b7bb-0aa18f2d8e79
01-26 22:38:05 com_github_MitjaNemec_ReplicateLayout.replicate_layout 985:Src text UUid:d0424ff3-bdc5-4cd6-9ed3-30af12984856
01-26 22:38:05 com_github_MitjaNemec_ReplicateLayout.replicate_layout 986:Dst text UUid:726c38a5-581b-45c4-b28c-3e5fdb6fda99
01-26 22:38:05 com_github_MitjaNemec_ReplicateLayout.replicate_layout 985:Src text UUid:3a3716b8-a658-4cd7-bd5f-a1f2d5f7cfe7
01-26 22:38:05 com_github_MitjaNemec_ReplicateLayout.replicate_layout 986:Dst text UUid:a0ff2ab0-2cd9-4d61-9c34-636dd4e669f6
01-26 22:38:05 com_github_MitjaNemec_ReplicateLayout.replicate_layout 985:Src text UUid:0e2a4e1d-6ffa-4191-ae37-9c7882e06664
01-26 22:38:05 com_github_MitjaNemec_ReplicateLayout.replicate_layout 986:Dst text UUid:265aeeb7-b8d4-4a08-893c-513aa36bfb18
01-26 22:38:05 com_github_MitjaNemec_ReplicateLayout.replicate_layout 985:Src text UUid:18f4e463-fd32-4e98-bc16-dd7b3cfa399e
01-26 22:38:05 com_github_MitjaNemec_ReplicateLayout.replicate_layout 986:Dst text UUid:fd34bef7-3bf9-4391-93bf-297e4171b4aa
01-26 22:38:05 com_github_MitjaNemec_ReplicateLayout.replicate_layout 985:Src text UUid:904e2bbd-501f-449c-8097-9b37188c9ceb
01-26 22:38:05 com_github_MitjaNemec_ReplicateLayout.replicate_layout 986:Dst text UUid:deff3afe-eba5-41b9-8d78-0afe5e5d86f9
01-26 22:38:05 com_github_MitjaNemec_ReplicateLayout.replicate_layout 985:Src text UUid:53328326-6ed7-4b19-852a-4da1876db986
01-26 22:38:05 com_github_MitjaNemec_ReplicateLayout.replicate_layout 986:Dst text UUid:e3df0e8b-4ce4-4456-a3f1-8015414b073e
01-26 22:38:05 com_github_MitjaNemec_ReplicateLayout.replicate_layout 985:Src text UUid:a8dd205f-a5f6-4b27-b7c4-3bea7ccd31cb
01-26 22:38:05 com_github_MitjaNemec_ReplicateLayout.replicate_layout 986:Dst text UUid:07f3d3f6-632f-4b0c-8327-974b276a79fe
01-26 22:38:05 com_github_MitjaNemec_ReplicateLayout.replicate_layout 985:Src text UUid:932263f1-b250-4980-bad7-ef742f9d28e0
01-26 22:38:05 com_github_MitjaNemec_ReplicateLayout.replicate_layout 986:Dst text UUid:0952a88f-0db3-4c8f-a943-a6882237e1b1
01-26 22:38:05 com_github_MitjaNemec_ReplicateLayout.replicate_layout 985:Src text UUid:847436c6-62c5-405a-8b5c-2d052f820e59
01-26 22:38:05 com_github_MitjaNemec_ReplicateLayout.replicate_layout 986:Dst text UUid:ed9d47cd-f85c-4fdb-a200-8e629b206ce1
01-26 22:38:05 com_github_MitjaNemec_ReplicateLayout.replicate_layout 985:Src text UUid:24730bdd-e29a-46b2-8c74-bce66f6d89ec
01-26 22:38:05 com_github_MitjaNemec_ReplicateLayout.replicate_layout 986:Dst text UUid:0d70e2bb-9c39-4b33-baf5-f9642ac6bdf2
01-26 22:38:05 com_github_MitjaNemec_ReplicateLayout.replicate_layout 985:Src text UUid:3a6d8c27-aa1e-4f94-ae2e-bca00baa2e3c
01-26 22:38:05 com_github_MitjaNemec_ReplicateLayout.replicate_layout 986:Dst text UUid:25415a8a-32a0-4d04-9b7a-84237e09c33c
01-26 22:38:05 com_github_MitjaNemec_ReplicateLayout.replicate_layout 985:Src text UUid:4e6309c4-cdab-4b23-a609-bc0e1e35b283
01-26 22:38:05 com_github_MitjaNemec_ReplicateLayout.replicate_layout 986:Dst text UUid:80f7718a-726f-467f-b0be-cd068d48dd94
01-26 22:38:05 com_github_MitjaNemec_ReplicateLayout.replicate_layout 985:Src text UUid:e997392b-31a7-4274-89fc-3dd01c251a4b
01-26 22:38:05 com_github_MitjaNemec_ReplicateLayout.replicate_layout 986:Dst text UUid:f3ae167c-ad03-49c8-a6a7-b05d54a26ab7
01-26 22:38:05 com_github_MitjaNemec_ReplicateLayout.replicate_layout 985:Src text UUid:08242784-f706-4b50-92a4-365df3721333
01-26 22:38:05 com_github_MitjaNemec_ReplicateLayout.replicate_layout 986:Dst text UUid:68a38df0-10cf-40f5-b325-0186673b308e
01-26 22:38:05 com_github_MitjaNemec_ReplicateLayout.replicate_layout 985:Src text UUid:b5dcd0a7-d98f-4771-a061-f75bf8eff043
01-26 22:38:05 com_github_MitjaNemec_ReplicateLayout.replicate_layout 986:Dst text UUid:d3a08619-9624-49cf-b49a-73d1b5b48bd6
01-26 22:38:05 com_github_MitjaNemec_ReplicateLayout.replicate_layout 985:Src text UUid:99ec516a-6d0b-4161-ae5e-4bbd8a445a07
01-26 22:38:05 com_github_MitjaNemec_ReplicateLayout.replicate_layout 986:Dst text UUid:6d210b48-1f21-4d82-a20c-f12db692f145
01-26 22:38:05 com_github_MitjaNemec_ReplicateLayout.replicate_layout 985:Src text UUid:ebe1202d-9ab2-4e56-b93c-c5f3c1baf905
01-26 22:38:05 com_github_MitjaNemec_ReplicateLayout.replicate_layout 986:Dst text UUid:8b121c5a-d5c2-4dc2-9314-51a0b56dc306
01-26 22:38:05 com_github_MitjaNemec_ReplicateLayout.replicate_layout 985:Src text UUid:55ea679b-41ff-4bf1-a8e6-d9b2d81761e4
01-26 22:38:05 com_github_MitjaNemec_ReplicateLayout.replicate_layout 986:Dst text UUid:42752aa3-37ff-43ca-b1cf-5da6f6cd2543
01-26 22:38:05 com_github_MitjaNemec_ReplicateLayout.replicate_layout 985:Src text UUid:6b7e8be1-b70c-4565-b4bd-5f456dd721b6
01-26 22:38:05 com_github_MitjaNemec_ReplicateLayout.replicate_layout 986:Dst text UUid:3be26dff-39df-4958-8d85-3892ff60a262
01-26 22:38:05 com_github_MitjaNemec_ReplicateLayout.replicate_layout 985:Src text UUid:44f88b4d-7c59-47ee-8475-f0ffb79558b0
01-26 22:38:05 com_github_MitjaNemec_ReplicateLayout.replicate_layout 986:Dst text UUid:2439406c-61e2-4bc5-b179-206394b8351d
01-26 22:38:05 com_github_MitjaNemec_ReplicateLayout.replicate_layout 985:Src text UUid:84725189-c695-4f17-abdb-ae7b038a3276
01-26 22:38:05 com_github_MitjaNemec_ReplicateLayout.replicate_layout 986:Dst text UUid:b20835a8-70ba-4384-83cd-cf0d2b4a0af8
01-26 22:38:05 com_github_MitjaNemec_ReplicateLayout.replicate_layout 985:Src text UUid:b3a46800-41f0-42ee-a1e3-cfacff4a259a
01-26 22:38:05 com_github_MitjaNemec_ReplicateLayout.replicate_layout 986:Dst text UUid:29e8d4a5-20b9-4143-ad27-c81b363b36c4
01-26 22:38:05 com_github_MitjaNemec_ReplicateLayout.replicate_layout 985:Src text UUid:1dc6d421-fe27-41ee-8ef6-f9e18c080c38
01-26 22:38:05 com_github_MitjaNemec_ReplicateLayout.replicate_layout 986:Dst text UUid:958ddb3b-9e39-46d8-95aa-49687e400d24
01-26 22:38:05 com_github_MitjaNemec_ReplicateLayout.replicate_layout 985:Src text UUid:3bb33988-b2d3-4607-90b5-59b228541247
01-26 22:38:05 com_github_MitjaNemec_ReplicateLayout.replicate_layout 986:Dst text UUid:e0a077be-8691-485d-a1eb-d0933b1340d3
01-26 22:38:05 com_github_MitjaNemec_ReplicateLayout.replicate_layout 985:Src text UUid:645295b1-c8f1-450b-af96-686a8268a037
01-26 22:38:05 com_github_MitjaNemec_ReplicateLayout.replicate_layout 986:Dst text UUid:5fafe496-4607-4c79-b5d2-f9ec6d34bcd5
01-26 22:38:05 com_github_MitjaNemec_ReplicateLayout.replicate_layout 985:Src text UUid:a6b8ca92-2059-4465-912b-59be22a90bf8
01-26 22:38:05 com_github_MitjaNemec_ReplicateLayout.replicate_layout 986:Dst text UUid:67a0d651-3a2e-4ffd-9bd0-46cc79ddc8f9
01-26 22:38:05 com_github_MitjaNemec_ReplicateLayout.replicate_layout 985:Src text UUid:5843733c-021b-4e80-8638-7487436c1c7c
01-26 22:38:05 com_github_MitjaNemec_ReplicateLayout.replicate_layout 986:Dst text UUid:2966da93-1412-4d9e-8788-df035ecae4d7
01-26 22:38:05 com_github_MitjaNemec_ReplicateLayout.replicate_layout 985:Src text UUid:b3a3ab52-989f-4af0-9e3f-6a291bb92cfd
01-26 22:38:05 com_github_MitjaNemec_ReplicateLayout.replicate_layout 986:Dst text UUid:55657f2f-75cb-4f53-aec9-e7b338e6bf23
01-26 22:38:05 com_github_MitjaNemec_ReplicateLayout.replicate_layout 985:Src text UUid:379537eb-3159-4665-95db-5c8b8029fa53
01-26 22:38:05 com_github_MitjaNemec_ReplicateLayout.replicate_layout 986:Dst text UUid:ea167ecf-0720-4428-a6c0-7357493f7df8
01-26 22:38:05 com_github_MitjaNemec_ReplicateLayout.replicate_layout 985:Src text UUid:10c7a388-05bb-4010-ac7e-6e25fcb2eb6e
01-26 22:38:05 com_github_MitjaNemec_ReplicateLayout.replicate_layout 986:Dst text UUid:e68874be-9835-4b8d-a02a-11e48290481b
01-26 22:38:05 com_github_MitjaNemec_ReplicateLayout.replicate_layout 985:Src text UUid:c2cc7dc5-365d-45df-8284-c4006d842189
01-26 22:38:05 com_github_MitjaNemec_ReplicateLayout.replicate_layout 986:Dst text UUid:2241158c-5612-4634-ad86-7fdd416adfca
01-26 22:38:05 root 332:updating GUI message: 'Replicating tracks'
01-26 22:38:05 com_github_MitjaNemec_ReplicateLayout.replicate_layout 1009:Replicating tracks
01-26 22:38:05 com_github_MitjaNemec_ReplicateLayout.replicate_layout 1015:Replicating tracks on sheet ['Module Slot 1']
01-26 22:38:05 com_github_MitjaNemec_ReplicateLayout.replicate_layout 776:Significant difference between src net: ['GND'] and dst net: ['', 'HSTX_{0}'], with src_net_depth=1, dst_net_depth=2, src_fp_depth=1, dst_fp_depth=1, match level 0.00
01-26 22:38:05 com_github_MitjaNemec_ReplicateLayout.replicate_layout 776:Significant difference between src net: ['GND'] and dst net: ['', 'HSTX_{1}'], with src_net_depth=1, dst_net_depth=2, src_fp_depth=1, dst_fp_depth=1, match level 0.00
01-26 22:38:05 com_github_MitjaNemec_ReplicateLayout.replicate_layout 776:Significant difference between src net: ['GND'] and dst net: ['', 'HSTX_{2}'], with src_net_depth=1, dst_net_depth=2, src_fp_depth=1, dst_fp_depth=1, match level 0.00
01-26 22:38:05 com_github_MitjaNemec_ReplicateLayout.replicate_layout 776:Significant difference between src net: ['GND'] and dst net: ['', 'HSTX_{3}'], with src_net_depth=1, dst_net_depth=2, src_fp_depth=1, dst_fp_depth=1, match level 0.00
01-26 22:38:05 com_github_MitjaNemec_ReplicateLayout.replicate_layout 776:Significant difference between src net: ['GND'] and dst net: ['', 'HSTX_{4}'], with src_net_depth=1, dst_net_depth=2, src_fp_depth=1, dst_fp_depth=1, match level 0.00
01-26 22:38:05 com_github_MitjaNemec_ReplicateLayout.replicate_layout 776:Significant difference between src net: ['GND'] and dst net: ['', 'HSTX_{5}'], with src_net_depth=1, dst_net_depth=2, src_fp_depth=1, dst_fp_depth=1, match level 0.00
01-26 22:38:05 com_github_MitjaNemec_ReplicateLayout.replicate_layout 776:Significant difference between src net: ['GND'] and dst net: ['', 'HSTX_{6}'], with src_net_depth=1, dst_net_depth=2, src_fp_depth=1, dst_fp_depth=1, match level 0.00
01-26 22:38:05 com_github_MitjaNemec_ReplicateLayout.replicate_layout 776:Significant difference between src net: ['GND'] and dst net: ['', 'HSTX_{7}'], with src_net_depth=1, dst_net_depth=2, src_fp_depth=1, dst_fp_depth=1, match level 0.00
01-26 22:38:05 com_github_MitjaNemec_ReplicateLayout.replicate_layout 792:Net pairs for sheet ['Module Slot 1'] :[('/I2C6_{SCL}', '/I2C1_{SCL}'), ('+3V3', 'GND'), ('GND', '/HSTX_{1}'), ('GND', '/HSTX_{4}'), ('GND', 'GND'), ('GND', '/HSTX_{0}'), ('Net-(J701-+3V3_{RI})', 'Net-(J201-+3V3_{RI})'), ('/MOD6_{GP7}', '/MOD1_{GP7}'), ('GND', '/HSTX_{7}'), ('Net-(J701-SLOT_{A2})', 'Net-(J201-SLOT_{A2})'), ('unconnected-(J701-RES-PadA26)', 'unconnected-(J201-RES-PadA26)'), ('/Module Slot 6/I2S_{SDI}', '/Module Slot 1/I2S_{SDI}'), ('Net-(J701-SLOT_{A1})', 'Net-(J201-SLOT_{A1})'), ('/MOD6_{GP1}', '/MOD1_{GP1}'), ('unconnected-(J701-RES-PadA24)', 'unconnected-(J201-RES-PadA24)'), ('+3V3', '+3V3'), ('/MOD6_{GP3}', '/MOD1_{GP3}'), ('Net-(J701-SLOT_{A0})', 'Net-(J201-SLOT_{A0})'), ('unconnected-(J701-RES-PadA27)', 'unconnected-(J201-RES-PadA27)'), ('Net-(J701-+5V_{RI})', 'Net-(J201-+5V_{RI})'), ('GND', '+3V3'), ('/MOD^{6}_{~{PDET}}', '/MOD^{1}_{~{PDET}}'), ('/MOD^{6}_{~{IRQ}}', '/MOD^{1}_{~{IRQ}}'), ('/MOD6_{GP6}', '/MOD1_{GP6}'), ('+5V', '+5V'), ('GND', '/HSTX_{5}'), ('CLOCK', 'CLOCK'), ('/MOD6_{GP2}', '/MOD1_{GP2}'), ('GND', '/HSTX_{6}'), ('Net-(J701-~{SLOT_{VIDEO}})', 'Net-(J201-~{SLOT_{VIDEO}})'), ('Net-(J701-~{PDET})', 'Net-(J201-~{PDET})'), ('/MOD6_{GP4}', '/MOD1_{GP4}'), ('unconnected-(J701-RES-PadA30)', 'unconnected-(J201-RES-PadA30)'), ('GND', '/HSTX_{2}'), ('/I2C6_{SDA}', '/I2C1_{SDA}'), ('Net-(J701-SLOT_{A3})', 'Net-(J201-SLOT_{A3})'), ('+12V', '+12V'), ('/MOD^{6}_{~{RESET}}', '/MOD^{1}_{~{RESET}}'), ('Net-(J701-~{SLOT_{AUDIO}})', 'Net-(J201-~{SLOT_{AUDIO}})'), ('', ''), ('/Module Slot 6/~{G_RESET}', '/Module Slot 1/~{G_RESET}'), ('GND', '/HSTX_{3}'), ('unconnected-(J701-RES-PadA23)', 'unconnected-(J201-RES-PadA23)'), ('/MOD6_{GP0}', '/MOD1_{GP0}'), ('/MOD6_{GP5}', '/MOD1_{GP5}'), ('unconnected-(J701-RES-PadA29)', 'unconnected-(J201-RES-PadA29)'), ('~{RESET}', '~{RESET}'), ('unconnected-(J701-RES-PadA28)', 'unconnected-(J201-RES-PadA28)'), ('Net-(J701-+12V_{RI})', 'Net-(J201-+12V_{RI})'), ('unconnected-(J701-RES-PadA25)', 'unconnected-(J201-RES-PadA25)')]
01-26 22:38:05 root 337:updating GUI with: 0
01-26 22:38:05 root 337:updating GUI with: 0
01-26 22:38:05 com_github_MitjaNemec_ReplicateLayout.replicate_layout 1015:Replicating tracks on sheet ['Module Slot 2']
01-26 22:38:05 com_github_MitjaNemec_ReplicateLayout.replicate_layout 776:Significant difference between src net: ['GND'] and dst net: ['', 'I2S_{MCLK}'], with src_net_depth=1, dst_net_depth=2, src_fp_depth=1, dst_fp_depth=1, match level 0.00
01-26 22:38:05 com_github_MitjaNemec_ReplicateLayout.replicate_layout 776:Significant difference between src net: ['GND'] and dst net: ['', 'I2S_{LRCLK}'], with src_net_depth=1, dst_net_depth=2, src_fp_depth=1, dst_fp_depth=1, match level 0.00
01-26 22:38:05 com_github_MitjaNemec_ReplicateLayout.replicate_layout 776:Significant difference between src net: ['GND'] and dst net: ['', 'I2S_{BCLK}'], with src_net_depth=1, dst_net_depth=2, src_fp_depth=1, dst_fp_depth=1, match level 0.00
01-26 22:38:05 com_github_MitjaNemec_ReplicateLayout.replicate_layout 776:Significant difference between src net: ['GND'] and dst net: ['', 'I2S_{SDO}'], with src_net_depth=1, dst_net_depth=2, src_fp_depth=1, dst_fp_depth=1, match level 0.17
01-26 22:38:05 com_github_MitjaNemec_ReplicateLayout.replicate_layout 792:Net pairs for sheet ['Module Slot 2'] :[('+3V3', 'GND'), ('unconnected-(J701-RES-PadA24)', 'unconnected-(J301-RES-PadA24)'), ('/Module Slot 6/I2S_{SDI}', '/I2S_{SDI}'), ('GND', 'GND'), ('unconnected-(J701-RES-PadA27)', 'unconnected-(J301-RES-PadA27)'), ('unconnected-(J701-RES-PadA29)', 'unconnected-(J301-RES-PadA29)'), ('Net-(J701-SLOT_{A1})', 'Net-(J301-SLOT_{A1})'), ('/MOD6_{GP7}', '/MOD2_{GP7}'), ('Net-(J701-~{SLOT_{AUDIO}})', 'Net-(J301-~{SLOT_{AUDIO}})'), ('Net-(J701-SLOT_{A0})', 'Net-(J301-SLOT_{A0})'), ('Net-(J701-SLOT_{A2})', 'Net-(J301-SLOT_{A2})'), ('+3V3', '+3V3'), ('unconnected-(J701-RES-PadA26)', 'unconnected-(J301-RES-PadA26)'), ('/I2C6_{SDA}', '/I2C2_{SDA}'), ('GND', '+3V3'), ('Net-(J701-~{PDET})', 'Net-(J301-~{PDET})'), ('/MOD^{6}_{~{PDET}}', '/MOD^{2}_{~{PDET}}'), ('Net-(J701-+12V_{RI})', 'Net-(J301-+12V_{RI})'), ('unconnected-(J701-RES-PadA28)', 'unconnected-(J301-RES-PadA28)'), ('+5V', '+5V'), ('/MOD6_{GP0}', '/MOD2_{GP0}'), ('/I2C6_{SCL}', '/I2C2_{SCL}'), ('CLOCK', 'CLOCK'), ('Net-(J701-SLOT_{A3})', 'Net-(J301-SLOT_{A3})'), ('/MOD6_{GP5}', '/MOD2_{GP5}'), ('GND', '/I2S_{BCLK}'), ('GND', '/I2S_{SDO}'), ('unconnected-(J701-RES-PadA23)', 'unconnected-(J301-RES-PadA23)'), ('unconnected-(J701-RES-PadA25)', 'unconnected-(J301-RES-PadA25)'), ('/MOD^{6}_{~{RESET}}', '/MOD^{2}_{~{RESET}}'), ('Net-(J701-+3V3_{RI})', 'Net-(J301-+3V3_{RI})'), ('GND', '/I2S_{LRCLK}'), ('/MOD6_{GP3}', '/MOD2_{GP3}'), ('unconnected-(J701-RES-PadA30)', 'unconnected-(J301-RES-PadA30)'), ('/Module Slot 6/~{G_RESET}', '/Module Slot 2/~{G_RESET}'), ('+12V', '+12V'), ('/MOD6_{GP2}', '/MOD2_{GP2}'), ('', ''), ('/MOD^{6}_{~{IRQ}}', '/MOD^{2}_{~{IRQ}}'), ('/MOD6_{GP4}', '/MOD2_{GP4}'), ('Net-(J701-+5V_{RI})', 'Net-(J301-+5V_{RI})'), ('/MOD6_{GP1}', '/MOD2_{GP1}'), ('/MOD6_{GP6}', '/MOD2_{GP6}'), ('Net-(J701-~{SLOT_{VIDEO}})', 'Net-(J301-~{SLOT_{VIDEO}})'), ('~{RESET}', '~{RESET}'), ('GND', '/I2S_{MCLK}')]
01-26 22:38:05 com_github_MitjaNemec_ReplicateLayout.replicate_layout 1015:Replicating tracks on sheet ['Module Slot 3']
01-26 22:38:05 com_github_MitjaNemec_ReplicateLayout.replicate_layout 792:Net pairs for sheet ['Module Slot 3'] :[('+3V3', 'GND'), ('Net-(J701-+5V_{RI})', 'Net-(J401-+5V_{RI})'), ('GND', 'GND'), ('unconnected-(J701-RES-PadA27)', 'unconnected-(J401-RES-PadA27)'), ('unconnected-(J701-RES-PadA30)', 'unconnected-(J401-RES-PadA30)'), ('Net-(J701-SLOT_{A2})', 'Net-(J401-SLOT_{A2})'), ('unconnected-(J701-RES-PadA29)', 'unconnected-(J401-RES-PadA29)'), ('+3V3', '+3V3'), ('/MOD6_{GP4}', '/MOD3_{GP4}'), ('/I2C6_{SDA}', '/I2C3_{SDA}'), ('/MOD^{6}_{~{IRQ}}', '/MOD^{3}_{~{IRQ}}'), ('GND', '+3V3'), ('/MOD6_{GP3}', '/MOD3_{GP3}'), ('+5V', '+5V'), ('Net-(J701-+12V_{RI})', 'Net-(J401-+12V_{RI})'), ('Net-(J701-~{SLOT_{AUDIO}})', 'Net-(J401-~{SLOT_{AUDIO}})'), ('CLOCK', 'CLOCK'), ('unconnected-(J701-RES-PadA23)', 'unconnected-(J401-RES-PadA23)'), ('unconnected-(J701-RES-PadA24)', 'unconnected-(J401-RES-PadA24)'), ('/MOD^{6}_{~{RESET}}', '/MOD^{3}_{~{RESET}}'), ('Net-(J701-SLOT_{A0})', 'Net-(J401-SLOT_{A0})'), ('Net-(J701-~{SLOT_{VIDEO}})', 'Net-(J401-~{SLOT_{VIDEO}})'), ('/MOD6_{GP0}', '/MOD3_{GP0}'), ('/I2C6_{SCL}', '/I2C3_{SCL}'), ('+12V', '+12V'), ('/MOD6_{GP1}', '/MOD3_{GP1}'), ('/MOD6_{GP7}', '/MOD3_{GP7}'), ('/MOD^{6}_{~{PDET}}', '/MOD^{3}_{~{PDET}}'), ('Net-(J701-~{PDET})', 'Net-(J401-~{PDET})'), ('Net-(J701-SLOT_{A3})', 'Net-(J401-SLOT_{A3})'), ('', ''), ('/MOD6_{GP2}', '/MOD3_{GP2}'), ('Net-(J701-+3V3_{RI})', 'Net-(J401-+3V3_{RI})'), ('unconnected-(J701-RES-PadA28)', 'unconnected-(J401-RES-PadA28)'), ('unconnected-(J701-RES-PadA25)', 'unconnected-(J401-RES-PadA25)'), ('Net-(J701-SLOT_{A1})', 'Net-(J401-SLOT_{A1})'), ('/Module Slot 6/I2S_{SDI}', '/Module Slot 3/I2S_{SDI}'), ('/MOD6_{GP6}', '/MOD3_{GP6}'), ('/MOD6_{GP5}', '/MOD3_{GP5}'), ('unconnected-(J701-RES-PadA26)', 'unconnected-(J401-RES-PadA26)'), ('~{RESET}', '~{RESET}'), ('/Module Slot 6/~{G_RESET}', '/Module Slot 3/~{G_RESET}')]
01-26 22:38:05 com_github_MitjaNemec_ReplicateLayout.replicate_layout 1015:Replicating tracks on sheet ['Module Slot 4']
01-26 22:38:05 com_github_MitjaNemec_ReplicateLayout.replicate_layout 792:Net pairs for sheet ['Module Slot 4'] :[('Net-(J701-~{PDET})', 'Net-(J501-~{PDET})'), ('+3V3', 'GND'), ('/Module Slot 6/~{G_RESET}', '/Module Slot 4/~{G_RESET}'), ('/MOD6_{GP5}', '/MOD4_{GP5}'), ('/I2C6_{SCL}', '/I2C4_{SCL}'), ('GND', 'GND'), ('Net-(J701-+12V_{RI})', 'Net-(J501-+12V_{RI})'), ('Net-(J701-+3V3_{RI})', 'Net-(J501-+3V3_{RI})'), ('/MOD^{6}_{~{RESET}}', '/MOD^{4}_{~{RESET}}'), ('+3V3', '+3V3'), ('unconnected-(J701-RES-PadA25)', 'unconnected-(J501-RES-PadA25)'), ('/MOD6_{GP6}', '/MOD4_{GP6}'), ('unconnected-(J701-RES-PadA29)', 'unconnected-(J501-RES-PadA29)'), ('/MOD6_{GP4}', '/MOD4_{GP4}'), ('GND', '+3V3'), ('/MOD6_{GP2}', '/MOD4_{GP2}'), ('Net-(J701-SLOT_{A0})', 'Net-(J501-SLOT_{A0})'), ('unconnected-(J701-RES-PadA30)', 'unconnected-(J501-RES-PadA30)'), ('+5V', '+5V'), ('unconnected-(J701-RES-PadA27)', 'unconnected-(J501-RES-PadA27)'), ('CLOCK', 'CLOCK'), ('unconnected-(J701-RES-PadA24)', 'unconnected-(J501-RES-PadA24)'), ('Net-(J701-SLOT_{A2})', 'Net-(J501-SLOT_{A2})'), ('/Module Slot 6/I2S_{SDI}', '/Module Slot 4/I2S_{SDI}'), ('Net-(J701-+5V_{RI})', 'Net-(J501-+5V_{RI})'), ('/MOD6_{GP7}', '/MOD4_{GP7}'), ('unconnected-(J701-RES-PadA28)', 'unconnected-(J501-RES-PadA28)'), ('+12V', '+12V'), ('/MOD6_{GP1}', '/MOD4_{GP1}'), ('Net-(J701-SLOT_{A1})', 'Net-(J501-SLOT_{A1})'), ('/MOD6_{GP0}', '/MOD4_{GP0}'), ('Net-(J701-~{SLOT_{VIDEO}})', 'Net-(J501-~{SLOT_{VIDEO}})'), ('', ''), ('Net-(J701-~{SLOT_{AUDIO}})', 'Net-(J501-~{SLOT_{AUDIO}})'), ('/MOD^{6}_{~{IRQ}}', '/MOD^{4}_{~{IRQ}}'), ('/MOD^{6}_{~{PDET}}', '/MOD^{4}_{~{PDET}}'), ('unconnected-(J701-RES-PadA23)', 'unconnected-(J501-RES-PadA23)'), ('unconnected-(J701-RES-PadA26)', 'unconnected-(J501-RES-PadA26)'), ('/MOD6_{GP3}', '/MOD4_{GP3}'), ('Net-(J701-SLOT_{A3})', 'Net-(J501-SLOT_{A3})'), ('~{RESET}', '~{RESET}'), ('/I2C6_{SDA}', '/I2C4_{SDA}')]
01-26 22:38:05 com_github_MitjaNemec_ReplicateLayout.replicate_layout 1015:Replicating tracks on sheet ['Module Slot 5']
01-26 22:38:05 com_github_MitjaNemec_ReplicateLayout.replicate_layout 792:Net pairs for sheet ['Module Slot 5'] :[('/I2C6_{SDA}', '/I2C5_{SDA}'), ('+3V3', 'GND'), ('Net-(J701-SLOT_{A2})', 'Net-(J601-SLOT_{A2})'), ('Net-(J701-+5V_{RI})', 'Net-(J601-+5V_{RI})'), ('GND', 'GND'), ('Net-(J701-SLOT_{A0})', 'Net-(J601-SLOT_{A0})'), ('/MOD6_{GP6}', '/MOD5_{GP6}'), ('/MOD^{6}_{~{PDET}}', '/MOD^{5}_{~{PDET}}'), ('/Module Slot 6/~{G_RESET}', '/Module Slot 5/~{G_RESET}'), ('/MOD6_{GP5}', '/MOD5_{GP5}'), ('/Module Slot 6/I2S_{SDI}', '/Module Slot 5/I2S_{SDI}'), ('unconnected-(J701-RES-PadA24)', 'unconnected-(J601-RES-PadA24)'), ('+3V3', '+3V3'), ('/MOD^{6}_{~{RESET}}', '/MOD^{5}_{~{RESET}}'), ('/MOD6_{GP0}', '/MOD5_{GP0}'), ('/MOD^{6}_{~{IRQ}}', '/MOD^{5}_{~{IRQ}}'), ('/MOD6_{GP1}', '/MOD5_{GP1}'), ('unconnected-(J701-RES-PadA25)', 'unconnected-(J601-RES-PadA25)'), ('+5V', '+5V'), ('/MOD6_{GP4}', '/MOD5_{GP4}'), ('CLOCK', 'CLOCK'), ('/MOD6_{GP7}', '/MOD5_{GP7}'), ('Net-(J701-~{SLOT_{VIDEO}})', 'Net-(J601-~{SLOT_{VIDEO}})'), ('/I2C6_{SCL}', '/I2C5_{SCL}'), ('unconnected-(J701-RES-PadA27)', 'unconnected-(J601-RES-PadA27)'), ('unconnected-(J701-RES-PadA28)', 'unconnected-(J601-RES-PadA28)'), ('/MOD6_{GP2}', '/MOD5_{GP2}'), ('unconnected-(J701-RES-PadA23)', 'unconnected-(J601-RES-PadA23)'), ('+12V', '+12V'), ('Net-(J701-+3V3_{RI})', 'Net-(J601-+3V3_{RI})'), ('', ''), ('/MOD6_{GP3}', '/MOD5_{GP3}'), ('Net-(J701-+12V_{RI})', 'Net-(J601-+12V_{RI})'), ('unconnected-(J701-RES-PadA26)', 'unconnected-(J601-RES-PadA26)'), ('Net-(J701-~{PDET})', 'Net-(J601-~{PDET})'), ('Net-(J701-SLOT_{A1})', 'Net-(J601-SLOT_{A1})'), ('unconnected-(J701-RES-PadA29)', 'unconnected-(J601-RES-PadA29)'), ('unconnected-(J701-RES-PadA30)', 'unconnected-(J601-RES-PadA30)'), ('Net-(J701-SLOT_{A3})', 'Net-(J601-SLOT_{A3})'), ('~{RESET}', '~{RESET}'), ('Net-(J701-~{SLOT_{AUDIO}})', 'Net-(J601-~{SLOT_{AUDIO}})')]
01-26 22:38:05 com_github_MitjaNemec_ReplicateLayout.replicate_layout 1015:Replicating tracks on sheet ['Module Slot 7']
01-26 22:38:05 com_github_MitjaNemec_ReplicateLayout.replicate_layout 792:Net pairs for sheet ['Module Slot 7'] :[('/MOD6_{GP3}', '/MOD7_{GP3}'), ('+3V3', 'GND'), ('/MOD^{6}_{~{PDET}}', '/MOD^{7}_{~{PDET}}'), ('/MOD6_{GP2}', '/MOD7_{GP2}'), ('GND', 'GND'), ('/MOD6_{GP7}', '/MOD7_{GP7}'), ('/MOD6_{GP0}', '/MOD7_{GP0}'), ('Net-(J701-+12V_{RI})', 'Net-(J801-+12V_{RI})'), ('unconnected-(J701-RES-PadA24)', 'unconnected-(J801-RES-PadA24)'), ('Net-(J701-SLOT_{A3})', 'Net-(J801-SLOT_{A3})'), ('unconnected-(J701-RES-PadA26)', 'unconnected-(J801-RES-PadA26)'), ('/Module Slot 6/I2S_{SDI}', '/Module Slot 7/I2S_{SDI}'), ('+3V3', '+3V3'), ('Net-(J701-SLOT_{A2})', 'Net-(J801-SLOT_{A2})'), ('/Module Slot 6/~{G_RESET}', '/Module Slot 7/~{G_RESET}'), ('/MOD^{6}_{~{IRQ}}', '/MOD^{7}_{~{IRQ}}'), ('unconnected-(J701-RES-PadA27)', 'unconnected-(J801-RES-PadA27)'), ('GND', '+3V3'), ('Net-(J701-+3V3_{RI})', 'Net-(J801-+3V3_{RI})'), ('Net-(J701-+5V_{RI})', 'Net-(J801-+5V_{RI})'), ('+5V', '+5V'), ('Net-(J701-~{SLOT_{VIDEO}})', 'Net-(J801-~{SLOT_{VIDEO}})'), ('CLOCK', 'CLOCK'), ('unconnected-(J701-RES-PadA28)', 'unconnected-(J801-RES-PadA28)'), ('/I2C6_{SDA}', '/I2C7_{SDA}'), ('/MOD6_{GP5}', '/MOD7_{GP5}'), ('/MOD^{6}_{~{RESET}}', '/MOD^{7}_{~{RESET}}'), ('/I2C6_{SCL}', '/I2C7_{SCL}'), ('/MOD6_{GP6}', '/MOD7_{GP6}'), ('Net-(J701-SLOT_{A0})', 'Net-(J801-SLOT_{A0})'), ('unconnected-(J701-RES-PadA30)', 'unconnected-(J801-RES-PadA30)'), ('Net-(J701-SLOT_{A1})', 'Net-(J801-SLOT_{A1})'), ('+12V', '+12V'), ('Net-(J701-~{PDET})', 'Net-(J801-~{PDET})'), ('/MOD6_{GP4}', '/MOD7_{GP4}'), ('', ''), ('/MOD6_{GP1}', '/MOD7_{GP1}'), ('unconnected-(J701-RES-PadA25)', 'unconnected-(J801-RES-PadA25)'), ('unconnected-(J701-RES-PadA29)', 'unconnected-(J801-RES-PadA29)'), ('unconnected-(J701-RES-PadA23)', 'unconnected-(J801-RES-PadA23)'), ('~{RESET}', '~{RESET}'), ('Net-(J701-~{SLOT_{AUDIO}})', 'Net-(J801-~{SLOT_{AUDIO}})')]
01-26 22:38:05 root 337:updating GUI with: 83
01-26 22:38:05 root 337:updating GUI with: 84
01-26 22:38:05 root 332:updating GUI message: 'Replicating text'
01-26 22:38:05 com_github_MitjaNemec_ReplicateLayout.replicate_layout 1168:Replicating text
01-26 22:38:05 com_github_MitjaNemec_ReplicateLayout.replicate_layout 1175:Replicating text on sheet ['Module Slot 1']
01-26 22:38:05 com_github_MitjaNemec_ReplicateLayout.replicate_layout 1175:Replicating text on sheet ['Module Slot 2']
01-26 22:38:05 com_github_MitjaNemec_ReplicateLayout.replicate_layout 1175:Replicating text on sheet ['Module Slot 3']
01-26 22:38:05 com_github_MitjaNemec_ReplicateLayout.replicate_layout 1175:Replicating text on sheet ['Module Slot 4']
01-26 22:38:05 com_github_MitjaNemec_ReplicateLayout.replicate_layout 1175:Replicating text on sheet ['Module Slot 5']
01-26 22:38:05 com_github_MitjaNemec_ReplicateLayout.replicate_layout 1175:Replicating text on sheet ['Module Slot 7']
01-26 22:38:05 root 332:updating GUI message: 'Replicating drawings'
01-26 22:38:05 com_github_MitjaNemec_ReplicateLayout.replicate_layout 1219:Replicating drawings
01-26 22:38:05 com_github_MitjaNemec_ReplicateLayout.replicate_layout 1225:Replicating drawings on sheet ['Module Slot 1']
01-26 22:38:05 com_github_MitjaNemec_ReplicateLayout.replicate_layout 1225:Replicating drawings on sheet ['Module Slot 2']
01-26 22:38:05 com_github_MitjaNemec_ReplicateLayout.replicate_layout 1225:Replicating drawings on sheet ['Module Slot 3']
01-26 22:38:05 com_github_MitjaNemec_ReplicateLayout.replicate_layout 1225:Replicating drawings on sheet ['Module Slot 4']
01-26 22:38:05 com_github_MitjaNemec_ReplicateLayout.replicate_layout 1225:Replicating drawings on sheet ['Module Slot 5']
01-26 22:38:05 com_github_MitjaNemec_ReplicateLayout.replicate_layout 1225:Replicating drawings on sheet ['Module Slot 7']
01-26 22:38:06 com_github_MitjaNemec_ReplicateLayout.action_replicate_layout 256:Replication complete
01-26 22:38:06 com_github_MitjaNemec_ReplicateLayout.action_replicate_layout 259:Letting the user know there are some issues with replicated design
01-26 22:38:06 com_github_MitjaNemec_ReplicateLayout.action_replicate_layout 263:Looks like the design has an exotic connectivity that the plugin might not handle properly
 Make sure that you check the connectivity around:
Footprint J201, pad B16
Footprint J201, pad B23
Footprint J301, pad B31
Footprint J201, pad B22
Footprint J201, pad B13
Footprint J301, pad B28
Footprint J201, pad B14
Footprint J201, pad B19
Footprint J201, pad B17
Footprint J301, pad B25
Footprint J301, pad B27
Footprint J201, pad B20

